[2025-09-21 11:52:51] local.INFO: 
REQUEST : 
POST https://lpdseminyak.biz.id:8000/api/smart/access/token
Content-type:application/json
X-TIMESTAMP:2025-09-21 11:52:53
X-CLIENT-ID:U01ZU2V6I3E7EWtVUS39ZkZOUU1VRXVNakV3T0RFeUxqQXhOaTR3T1RBNU1qQXlOVEV6TU2VtaW55YWt8U1AxQS4yMxUSXhJREV4T2pVeU9qVXo8IT5VMUF4UVM0eU1UQTRNVElTA4MTIuMDE2LjA5MDkyRJMU1UTXpOREV3ZkZObGJMDI1MTMzNDEwfDIwMjUtMDktMjEgMTE6NTI6NTMk2TlRNKCEpUTI5d2VYSnBaMmgwSU1LcElESXdNalVnVUZRZ1IybHZjMjltZENCVGJXRnlkSEJ5YnlCSmJtUnZibVZ6YVdFZ0NsWmxjbk5wYjI0Z01TNHhMakY4TWpBeU5TMHdPUzB5TVNBeE1UbzFNam8xTTN4VFVERkJMakl4TURneE1pNHdNVFl1TURrd09USXdNalV4TXpNME1UQVshXUNvcHlyaWdodCDCqSAyMDI1IFBUIEdpb3NvZnQgU21hcnRwcm8gSW5kb25lc2lhIApWZXJzaW9uIDEuMS4x=
X-SIGNATURE:qPllPj/SCdASwKjg6bMEOuyzjpT5x8eHzC1sFvCUu91P2Z4hVtqRn9qQQ8G0YQUZ1CTVjIEOWX4Pt3BgEQhBUIq6aht6ieVZoDR7JoOPWB/xDH7MuR3Tf6iC7IK/lNJw/jvGaEEZlMq6ecOsEYuIPXEaQU9YPT0ATNZ5jqhSlwzPsCYNIAORHcDn38wHf0xsMXtXlDCfHJTeJqdBOgDvnS5jLoOZ9D2YbJTTsVvGaQgYoqWmvhZptBmf2yeQv06Uz3Yl1ick4RmC4Vdy04jt4haAULT35OrGTQUi9a3psY9+nL3QOCGdsJNzlSQtaOvm61QXjCkPH0Dm8AFbLdo7mw==
DATA:
{"credential":"{get-token}"}

  
[2025-09-21 11:54:01] local.INFO: 
REQUEST : 
POST https://lpdseminyak.biz.id:8000/api/smart/access/token
Content-type:application/json
X-TIMESTAMP:2025-09-21 11:54:04
X-CLIENT-ID:U01ZU2V6E3A7AWtV]K39ZkZOUU1VRXVNakV3T0RFeUxqQXhOaTR3T1RBNU1qQXlOVU2VtaW55YWt8U1AxQS4yMTA4MTIuMhJREV4T2pVME9qQTA8IT5VMUF4UVM0eU1UQTRDE2LjA5MDkyxqQTVNRGt5TURJMU1UTXpOREV3ZkZMDI1MTMzNDEwfDIwMjUtMDktMjEgMTE6NTQ6MDQZOVFE2TURRKCEpUTI5d2VYSnBaMmgwSU1LcElESXdNalVnVUZRZ1IybHZjMjltZENCVGJXRnlkSEJ5YnlCSmJtUnZibVZ6YVdFZ0NsWmxjbk5wYjI0Z01TNHhMakY4TWpBeU5TMHdPUzB5TVNBeE1UbzFORG93Tkh4VFVERkJMakl4TURneE1pNHdNVFl1TURrd09USXdNalV4TXpNME1UQVshXUNvcHlyaWdodCDCqSAyMDI1IFBUIEdpb3NvZnQgU21hcnRwcm8gSW5kb25lc2lhIApWZXJzaW9uIDEuMS4x=
X-SIGNATURE:OBPw1g1VFx8zlE5injOGx/+X57Zea6sOEVkghMIp/ytrPsqTKU11dovhg/Em9uBGUf/v2xQFGa27bRUbsWyQAyU/JKwDWAKaPXwPTLtNiKDj8LoB8gxHEuNajzTxdeHJ172aoYez9FlpZRIb5Y/Ju2NQp0OcAGg5eipNmUOWxP7fFGZMRyAk2oRRWjvPcwN6aC8on67O+sZTa/M/z0xjmPY2BSOZz8FCweqRwDhTf4LSegWGhYY9mqiOIb7O5woHk9mJYjHS99QQ0y/zONr4zgAoTuRi6G7iQnkGsgw7QnPNL+BPwfyif3AkafEJ/slQLJecfwcB1WLgBNeeJAKYiw==
DATA:
{"credential":"{get-token}"}

  
[2025-09-21 11:59:33] local.INFO: 
REQUEST : 
POST https://lpdseminyak.biz.id:8000/api/smart/access/login
Content-type:application/json
Authorization:
X-TIMESTAMP:2025-09-21 11:59:36
X-SIGNATURE:ZjhhMDViYTBkNzE0YTYxMGNjY2ZlYzFlY2ZlODVkZmI4NTNiMjgxZmExYWYyODhmNWQ0ZTZmNTI1NWI5NzhjMGZkYjdjZWEyN2E5NjA2NWYxNGNmZjg1NDU3YWI1MjljMDc1MDU1MDRlMDc1MmY0Zjg4ZThkYTE5MDhiMTNjZjE=
X-PARTNER-ID:Pfnif+TczBCMUWycB0rzRhoN3n1Syj/4Ht8nlzU3oI/xOhjT1ySM/qESySKhWM29iX6WLdAliqCKi7rItshO8g==
X-CLIENT-ID:U01ZU2V6H3D7DWtVW[29ZkZOUU1VRXVNakV3T0RFeUxqQXhOaTR3T1RBNU1qQXlOVEV6U2VtaW55YWt8U1AxQS4yMTAUSXhJREV4T2pVNU9qTTI8IT5VMUF4UVM0eU1UQTRNVE4MTIuMDE2LjA5MDkyMDI1MTMzNDXpOREV3ZkZObGEwfDIwMjUtMDktMjEgMTE6NTk6MzYFZ01URTZOVGs2TXpZKCEpUTI5d2VYSnBaMmgwSU1LcElESXdNalVnVUZRZ1IybHZjMjltZENCVGJXRnlkSEJ5YnlCSmJtUnZibVZ6YVdFZ0NsWmxjbk5wYjI0Z01TNHhMakY4TWpBeU5TMHdPUzB5TVNBeE1UbzFPVG96Tm54VFVERkJMakl4TURneE1pNHdNVFl1TURrd09USXdNalV4TXpNME1UQVshXUNvcHlyaWdodCDCqSAyMDI1IFBUIEdpb3NvZnQgU21hcnRwcm8gSW5kb25lc2lhIApWZXJzaW9uIDEuMS4x=
X-REFERENCE:
DATA:
{"user_name":"6194e572d0688b5a999e546766307b52","user_pass":"54a7826dff55fa672451f066c5289d27"}

  
[2025-09-21 11:59:36] local.INFO: 
REQUEST : 
POST https://lpdseminyak.biz.id:8000/api/smart/tabungan/mutasi-history
Content-type:application/json
Authorization:
X-TIMESTAMP:2025-09-21 11:59:40
X-SIGNATURE:ZjhhMDViYTBkNzE0YTYxMGNjY2ZlYzFlY2ZlODVkZmI4NTNiMjgxZmExYWYyODhmNWQ0ZTZmNTI1NWI5NzhjMGZkYjdjZWEyN2E5NjA2NWYxNGNmZjg1NDU3YWI1MjljMDc1MDU1MDRlMDc1MmY0Zjg4ZThkYTE5MDhiMTNjZjE=
X-PARTNER-ID:qpDWueDx0FZPKSksAfXZc7d2RyydF8kaI5hMeiNL7UxILWUynt7rOFB/sZEdG9kubVy49p3EDcZYdE3m8pn0iA==
X-CLIENT-ID:U01ZU2V6H3D7DWtVW[29ZkZOUU1VRXVNakV3T0RFeUxqQXhOaTR3T1RBNU1qQXlOVEV6U2VtaW55YWt8U1AxQS4yMTAUSXhJREV4T2pVNU9qUXc8IT5VMUF4UVM0eU1UQTRNVE4MTIuMDE2LjA5MDkyMDI1MTMzNDXpOREV3ZkZObGEwfDIwMjUtMDktMjEgMTE6NTk6NDAFZ01URTZOVGs2TkRBKCEpUTI5d2VYSnBaMmgwSU1LcElESXdNalVnVUZRZ1IybHZjMjltZENCVGJXRnlkSEJ5YnlCSmJtUnZibVZ6YVdFZ0NsWmxjbk5wYjI0Z01TNHhMakY4TWpBeU5TMHdPUzB5TVNBeE1UbzFPVG8wTUh4VFVERkJMakl4TURneE1pNHdNVFl1TURrd09USXdNalV4TXpNME1UQVshXUNvcHlyaWdodCDCqSAyMDI1IFBUIEdpb3NvZnQgU21hcnRwcm8gSW5kb25lc2lhIApWZXJzaW9uIDEuMS4x=
X-REFERENCE:
DATA:
{"customer_id":"fBqL4BNtcgxl6Al2k8Wggg=="}

  
[2025-09-21 12:10:12] local.INFO: 
REQUEST : 
POST https://lpdseminyak.biz.id:8000/api/smart/access/logout
Content-type:application/json
Authorization:
X-TIMESTAMP:2025-09-21 12:10:14
X-SIGNATURE:ZjhhMDViYTBkNzE0YTYxMGNjY2ZlYzFlY2ZlODVkZmI4NTNiMjgxZmExYWYyODhmNWQ0ZTZmNTI1NWI5NzhjMGZkYjdjZWEyN2E5NjA2NWYxNGNmZjg1NDU3YWI1MjljMDc1MDU1MDRlMDc1MmY0Zjg4ZThkYTE5MDhiMTNjZjE=
X-PARTNER-ID:ixTHYWblb3CVmf1KYFq6z4DiD8tt+M6jfVm+LMayS90fMSH95zMXmiGCB/mQbFhhGcZoNB/oeuN4ieALWc4D1Q==
X-CLIENT-ID:U01ZU2V6F3B7BWtV[M39ZkZOUU1VRXVNakV3T0RFeUxqQXhOaTR3T1RBNU1qQXlOVEU2VtaW55YWt8U1AxQS4yMTA4MTIXhJREV5T2pFd09qRTA8IT5VMUF4UVM0eU1UQTRNuMDE2LjA5MDkyTVNRGt5TURJMU1UTXpOREV3ZkZOMDI1MTMzNDEwfDIwMjUtMDktMjEgMTI6MTA6MTQNVEE2TVRRKCEpUTI5d2VYSnBaMmgwSU1LcElESXdNalVnVUZRZ1IybHZjMjltZENCVGJXRnlkSEJ5YnlCSmJtUnZibVZ6YVdFZ0NsWmxjbk5wYjI0Z01TNHhMakY4TWpBeU5TMHdPUzB5TVNBeE1qb3hNRG94Tkh4VFVERkJMakl4TURneE1pNHdNVFl1TURrd09USXdNalV4TXpNME1UQVshXUNvcHlyaWdodCDCqSAyMDI1IFBUIEdpb3NvZnQgU21hcnRwcm8gSW5kb25lc2lhIApWZXJzaW9uIDEuMS4x=
X-REFERENCE:
DATA:


  
[2025-09-21 12:10:13] local.INFO: 
REQUEST : 
POST https://lpdseminyak.biz.id:8000/api/smart/access/logout
Content-type:application/json
Authorization:
X-TIMESTAMP:2025-09-21 12:10:16
X-SIGNATURE:ZjhhMDViYTBkNzE0YTYxMGNjY2ZlYzFlY2ZlODVkZmI4NTNiMjgxZmExYWYyODhmNWQ0ZTZmNTI1NWI5NzhjMGZkYjdjZWEyN2E5NjA2NWYxNGNmZjg1NDU3YWI1MjljMDc1MDU1MDRlMDc1MmY0Zjg4ZThkYTE5MDhiMTNjZjE=
X-PARTNER-ID:dgiCVlZagQAMIQuwE9S5xU47f9sbg9vSDB21PVBYrbYE1bRbzOkZlRe8qv3ont8fXsLMzgz4+n49uovRL0/B7g==
X-CLIENT-ID:U01ZU2V6F3B7BWtV[M39ZkZOUU1VRXVNakV3T0RFeUxqQXhOaTR3T1RBNU1qQXlOVEU2VtaW55YWt8U1AxQS4yMTA4MTIXhJREV5T2pFd09qRTI8IT5VMUF4UVM0eU1UQTRNuMDE2LjA5MDkyTVNRGt5TURJMU1UTXpOREV3ZkZOMDI1MTMzNDEwfDIwMjUtMDktMjEgMTI6MTA6MTYNVEE2TVRZKCEpUTI5d2VYSnBaMmgwSU1LcElESXdNalVnVUZRZ1IybHZjMjltZENCVGJXRnlkSEJ5YnlCSmJtUnZibVZ6YVdFZ0NsWmxjbk5wYjI0Z01TNHhMakY4TWpBeU5TMHdPUzB5TVNBeE1qb3hNRG94Tm54VFVERkJMakl4TURneE1pNHdNVFl1TURrd09USXdNalV4TXpNME1UQVshXUNvcHlyaWdodCDCqSAyMDI1IFBUIEdpb3NvZnQgU21hcnRwcm8gSW5kb25lc2lhIApWZXJzaW9uIDEuMS4x=
X-REFERENCE:
DATA:


  
[2025-09-21 12:10:14] local.INFO: 
REQUEST : 
POST https://lpdseminyak.biz.id:8000/api/smart/access/token
Content-type:application/json
X-TIMESTAMP:2025-09-21 12:10:17
X-CLIENT-ID:U01ZU2V6F3B7BWtV[M39ZkZOUU1VRXVNakV3T0RFeUxqQXhOaTR3T1RBNU1qQXlOVEU2VtaW55YWt8U1AxQS4yMTA4MTIXhJREV5T2pFd09qRTM8IT5VMUF4UVM0eU1UQTRNuMDE2LjA5MDkyTVNRGt5TURJMU1UTXpOREV3ZkZOMDI1MTMzNDEwfDIwMjUtMDktMjEgMTI6MTA6MTcNVEE2TVRjKCEpUTI5d2VYSnBaMmgwSU1LcElESXdNalVnVUZRZ1IybHZjMjltZENCVGJXRnlkSEJ5YnlCSmJtUnZibVZ6YVdFZ0NsWmxjbk5wYjI0Z01TNHhMakY4TWpBeU5TMHdPUzB5TVNBeE1qb3hNRG94TjN4VFVERkJMakl4TURneE1pNHdNVFl1TURrd09USXdNalV4TXpNME1UQVshXUNvcHlyaWdodCDCqSAyMDI1IFBUIEdpb3NvZnQgU21hcnRwcm8gSW5kb25lc2lhIApWZXJzaW9uIDEuMS4x=
X-SIGNATURE:WHibkzBOzISXuvOjfps8BiAA4HrWFU8wJ/rsyQkuGJYOfGlNf7x6/auLQHRxHBYRmkKpmr3zEF0w34XHgE04EGhTjL/uLsEfgXpJI51DleR+HOBEQoDEzeoAgKZfzo2irvks5KMaNI7AJUWCZ4gqWhFBdoe88QWfelB5KRWBAgiAoOnB8EcfII2NJ/pUVUO3PcueTxsqSIe/HF2k4WM5/BWagJS9I5vQri8rDHHrU/1RMkhMCudkmpP+QVh12Xdkp/2TdUXAryn0somgQ2Cc2AVNa1HHfAhs+81rE4OTNSLVV2ecDw8M07zzkda8DhQ0UfvvWb93nYPkpU95CX/0OQ==
DATA:
{"credential":"{get-token}"}

  
[2025-09-21 12:10:14] local.INFO: 
REQUEST : 
POST https://lpdseminyak.biz.id:8000/api/smart/access/token
Content-type:application/json
X-TIMESTAMP:2025-09-21 12:10:18
X-CLIENT-ID:U01ZU2V6F3B7BWtV[M39ZkZOUU1VRXVNakV3T0RFeUxqQXhOaTR3T1RBNU1qQXlOVEU2VtaW55YWt8U1AxQS4yMTA4MTIXhJREV5T2pFd09qRTQ8IT5VMUF4UVM0eU1UQTRNuMDE2LjA5MDkyTVNRGt5TURJMU1UTXpOREV3ZkZOMDI1MTMzNDEwfDIwMjUtMDktMjEgMTI6MTA6MTgNVEE2TVRnKCEpUTI5d2VYSnBaMmgwSU1LcElESXdNalVnVUZRZ1IybHZjMjltZENCVGJXRnlkSEJ5YnlCSmJtUnZibVZ6YVdFZ0NsWmxjbk5wYjI0Z01TNHhMakY4TWpBeU5TMHdPUzB5TVNBeE1qb3hNRG94T0h4VFVERkJMakl4TURneE1pNHdNVFl1TURrd09USXdNalV4TXpNME1UQVshXUNvcHlyaWdodCDCqSAyMDI1IFBUIEdpb3NvZnQgU21hcnRwcm8gSW5kb25lc2lhIApWZXJzaW9uIDEuMS4x=
X-SIGNATURE:mriRbJcNB9KPAqC4IvQryT1prsgaVUcBP6OUXXkFvniN6N8qHR5ZP0da53F3bMiKy5a+ufzVz8agOEyyR22yiSPC7O+p9MqH0ru/FigdropqxcTYsHAUvuOztvrfbG3rDv4IwG0wR1e/MOdn5cCI47AK2xtWSYavWmkPUDzgFUUB2H6DVejvgqGwDJres6WKJcUUCWuaZ6CFrOjGtpC1W0A/rM8fJj5VF6PeqDQphgC9HA9Fnhtn9/ubzkHziMlhtkTBrD7v7r43Lekxt0msSQxs/Hcyx/hD+04YgcciVs0jAtm0KCTQUIQZhLnxbcgy/2Ivm7Je5tuuI2PjQ2nKSA==
DATA:
{"credential":"{get-token}"}

  
[2025-09-21 16:07:40] local.INFO: 
REQUEST : 
POST https://lpdseminyak.biz.id:8000/api/smart/access/login
Content-type:application/json
Authorization:
X-TIMESTAMP:2025-09-21 16:07:43
X-SIGNATURE:OWIyYTVhMjViOWQzZWEwMTExNWJkZDcxOGE4ZjcwMjk1ZjE0NWZlZDZlZTRlYWU5ZjM5ZDlhMTIyM2YyY2U3NjEwN2YxNGNkMjIyODZiYjEzMDc1MGUxMTlkMDVkYTFiYzQzMDEzMGM0OTIyOWI0MmFjMDMzMDM1MmU5ZjUyOWU=
X-PARTNER-ID:mxPPNiLlLAi32DPTZOkTETEA00/fLEE4UJOMKOAdRSKZll9favSsZqeL6mk+b46CgWwm96tPQQdeZQAXGwDtng==
X-CLIENT-ID:U01ZU2V6I3E7EWtVUS47ZkVJelF6SkNPVGt6TFVZMFFrWXRORGhCTUMwNU1rUXpMVUk1TU2VtaW55YWt8QjNDMkI5O1ESTFMVEE1TFRJeElERTJPakEzT2pRejwhPlFqTkRNa0kTMtRjRCRi00OEEwLTkyVFd0xUa3lSRE10UWprNE5RDMtQjk4NDJBNTQ3RUFFfDIwMjUtMDktMjEgMTY6MDc6NDM1qRWdNVFk2TURjNk5ETSghKVEyOXdlWEpwWjJoMElNS3BJREl3TWpVZ1VGUWdSMmx2YzI5bWRDQlRiV0Z5ZEhCeWJ5QkpibVJ2Ym1WemFXRWdDbFpsY25OcGIyNGdNUzR4TGpGOE1qQXlOUzB3T1MweU1TQXhOam93TnpvME0zeENNME15UWprNU15MUdORUpHTFRRNFFUQXRPVEpFTXkxQ09UZzBNa0UxTkRkRlFVVVshXUNvcHlyaWdodCDCqSAyMDI1IFBUIEdpb3NvZnQgU21hcnRwcm8gSW5kb25lc2lhIApWZXJzaW9uIDEuMS4x=
X-REFERENCE:
DATA:
{"user_name":"ed1d859c50262701d92e5cbf39652792","user_pass":"51e48ec291c19177a7bec5b0e0fbc892"}

  
[2025-09-21 16:08:46] local.INFO: 
REQUEST : 
POST https://lpdseminyak.biz.id:8000/api/smart/access/login
Content-type:application/json
Authorization:
X-TIMESTAMP:2025-09-21 16:08:50
X-SIGNATURE:OWIyYTVhMjViOWQzZWEwMTExNWJkZDcxOGE4ZjcwMjk1ZjE0NWZlZDZlZTRlYWU5ZjM5ZDlhMTIyM2YyY2U3NjEwN2YxNGNkMjIyODZiYjEzMDc1MGUxMTlkMDVkYTFiYzQzMDEzMGM0OTIyOWI0MmFjMDMzMDM1MmU5ZjUyOWU=
X-PARTNER-ID:YMQUM1FZpZnxNtkLTU5hxL0ML1uXFGh5/q6W+vortAa+MuhRxCCLjZzAFdHbcJQTiqQ7aGEBA5VuEgsXRPWQTg==
X-CLIENT-ID:U01ZU2V6I3E7EWtVUS47ZkVJelF6SkNPVGt6TFVZMFFrWXRORGhCTUMwNU1rUXpMVUk1TU2VtaW55YWt8QjNDMkI5O1ESTFMVEE1TFRJeElERTJPakE0T2pVdzwhPlFqTkRNa0kTMtRjRCRi00OEEwLTkyVFd0xUa3lSRE10UWprNE5RDMtQjk4NDJBNTQ3RUFFfDIwMjUtMDktMjEgMTY6MDg6NTA1qRWdNVFk2TURnNk5UQSghKVEyOXdlWEpwWjJoMElNS3BJREl3TWpVZ1VGUWdSMmx2YzI5bWRDQlRiV0Z5ZEhCeWJ5QkpibVJ2Ym1WemFXRWdDbFpsY25OcGIyNGdNUzR4TGpGOE1qQXlOUzB3T1MweU1TQXhOam93T0RvMU1IeENNME15UWprNU15MUdORUpHTFRRNFFUQXRPVEpFTXkxQ09UZzBNa0UxTkRkRlFVVVshXUNvcHlyaWdodCDCqSAyMDI1IFBUIEdpb3NvZnQgU21hcnRwcm8gSW5kb25lc2lhIApWZXJzaW9uIDEuMS4x=
X-REFERENCE:
DATA:
{"user_name":"ed1d859c50262701d92e5cbf39652792","user_pass":"c317ce182772d4d187ce3e8796e63986"}

  
[2025-09-21 16:08:47] local.INFO: 
REQUEST : 
POST https://lpdseminyak.biz.id:8000/api/smart/tabungan/mutasi-history
Content-type:application/json
Authorization:
X-TIMESTAMP:2025-09-21 16:08:51
X-SIGNATURE:OWIyYTVhMjViOWQzZWEwMTExNWJkZDcxOGE4ZjcwMjk1ZjE0NWZlZDZlZTRlYWU5ZjM5ZDlhMTIyM2YyY2U3NjEwN2YxNGNkMjIyODZiYjEzMDc1MGUxMTlkMDVkYTFiYzQzMDEzMGM0OTIyOWI0MmFjMDMzMDM1MmU5ZjUyOWU=
X-PARTNER-ID:OzP6Vktur7PgS73MGeRvz7yKSqc6U59zuEIAEPPhJmc8I14PHaPITmN2IDLwEGj2u9GcUGfuwXAiXr6PDNWKdw==
X-CLIENT-ID:U01ZU2V6I3E7EWtVUS47ZkVJelF6SkNPVGt6TFVZMFFrWXRORGhCTUMwNU1rUXpMVUk1TU2VtaW55YWt8QjNDMkI5O1ESTFMVEE1TFRJeElERTJPakE0T2pVeDwhPlFqTkRNa0kTMtRjRCRi00OEEwLTkyVFd0xUa3lSRE10UWprNE5RDMtQjk4NDJBNTQ3RUFFfDIwMjUtMDktMjEgMTY6MDg6NTE1qRWdNVFk2TURnNk5URSghKVEyOXdlWEpwWjJoMElNS3BJREl3TWpVZ1VGUWdSMmx2YzI5bWRDQlRiV0Z5ZEhCeWJ5QkpibVJ2Ym1WemFXRWdDbFpsY25OcGIyNGdNUzR4TGpGOE1qQXlOUzB3T1MweU1TQXhOam93T0RvMU1YeENNME15UWprNU15MUdORUpHTFRRNFFUQXRPVEpFTXkxQ09UZzBNa0UxTkRkRlFVVVshXUNvcHlyaWdodCDCqSAyMDI1IFBUIEdpb3NvZnQgU21hcnRwcm8gSW5kb25lc2lhIApWZXJzaW9uIDEuMS4x=
X-REFERENCE:
DATA:
{"customer_id":"4hvo1I/OwabcDwzoOhhznQ=="}

  
[2025-09-21 16:09:08] local.INFO: 
REQUEST : 
POST https://lpdseminyak.biz.id:8000/api/smart/tabungan/transaction-history
Content-type:application/json
Authorization:
X-TIMESTAMP:2025-09-21 16:09:12
X-SIGNATURE:OWIyYTVhMjViOWQzZWEwMTExNWJkZDcxOGE4ZjcwMjk1ZjE0NWZlZDZlZTRlYWU5ZjM5ZDlhMTIyM2YyY2U3NjEwN2YxNGNkMjIyODZiYjEzMDc1MGUxMTlkMDVkYTFiYzQzMDEzMGM0OTIyOWI0MmFjMDMzMDM1MmU5ZjUyOWU=
X-PARTNER-ID:FRsuZTC14pczBCLVBrgkp5Qn2sqfW8ujJQjwVSlhkKLsVwNvoRIVe258IDkb2/ofHIF3zb/86Y0Ige3QYGFskA==
X-CLIENT-ID:U01ZU2V6F3B7BWtV[M47ZkVJelF6SkNPVGt6TFVZMFFrWXRORGhCTUMwNU1rUXpMVUU2VtaW55YWt8QjNDMkI5OTMtRjRTFMVEE1TFRJeElERTJPakE1T2pFeTwhPlFqTkRNCRi00OEEwLTkykNSaTAwT0VFd0xUa3lSRE10UWprRDMtQjk4NDJBNTQ3RUFFfDIwMjUtMDktMjEgMTY6MDk6MTIrdE1qRWdNVFk2TURrNk1USSghKVEyOXdlWEpwWjJoMElNS3BJREl3TWpVZ1VGUWdSMmx2YzI5bWRDQlRiV0Z5ZEhCeWJ5QkpibVJ2Ym1WemFXRWdDbFpsY25OcGIyNGdNUzR4TGpGOE1qQXlOUzB3T1MweU1TQXhOam93T1RveE1ueENNME15UWprNU15MUdORUpHTFRRNFFUQXRPVEpFTXkxQ09UZzBNa0UxTkRkRlFVVVshXUNvcHlyaWdodCDCqSAyMDI1IFBUIEdpb3NvZnQgU21hcnRwcm8gSW5kb25lc2lhIApWZXJzaW9uIDEuMS4x=
X-REFERENCE:
DATA:
{"customer_acc":"MBJwGEJ5WcPKCaDLuNMIIw==","start_date":"2025-08-27","end_date":"2025-09-21"}

  
[2025-09-21 18:46:58] local.INFO: 
REQUEST : 
POST https://lpdseminyak.biz.id:8000/api/smart/access/token
Content-type:application/json
X-TIMESTAMP:2025-09-21 18:47:01
X-CLIENT-ID:U01ZU2V6E3A7AWtV]K47ZkRBME1FSTRNVEE0TFVJelJrTXROREl4UkMwNU1VVkJMVU2VtaW55YWt8MDQwQjgxMDgtQjNGQFMVEE1TFRJeElERTRPalEzT2pBeDwhPk1EUXdy00MjFELTkxFqTkdReTAwTWpGRUxUa3hSVUV0UmpRUEtRjI0RENBNDNGNEVEfDIwMjUtMDktMjEgMTg6NDc6MDERrdE1qRWdNVGc2TkRjNk1ERSghKVEyOXdlWEpwWjJoMElNS3BJREl3TWpVZ1VGUWdSMmx2YzI5bWRDQlRiV0Z5ZEhCeWJ5QkpibVJ2Ym1WemFXRWdDbFpsY25OcGIyNGdNUzR4TGpGOE1qQXlOUzB3T1MweU1TQXhPRG8wTnpvd01Yd3dOREJDT0RFd09DMUNNMFpETFRReU1VUXRPVEZGUVMxR01qUkVRMEUwTTBZMFJVUVshXUNvcHlyaWdodCDCqSAyMDI1IFBUIEdpb3NvZnQgU21hcnRwcm8gSW5kb25lc2lhIApWZXJzaW9uIDEuMS4x=
X-SIGNATURE:XmdfP6wJGsPu+999pPgWVffRSsFSV3F+jt1vWpHfdb2MaKV93XET0dgEMdiCpk8amdXEDFnRpwt1GJSXyob+X5pfCG49+FmOmA1ALDG6SS7mEkdun4KK8yPZgQi0BhKT23QymLQe/4LOhV1I+xOH9dEdvQphIcqXjWsj4sCTI4dlBYu1sGG07Hb0pMkFUroS7GbCQfXQVayIEf7IxMJ24/gU7Tr6goGS3VQV2KmApg2xudaFFK7JsOe6JoC5+3YHuWj/9VZDbtEzyXLNLX6vYIV3L88FSLQ8S4WJAp/7bIRy/8Rf3kHV9CTYpAulqRdMcSEYIG9QxlVh4SJ2/TmA6A==
DATA:
{"credential":"{get-token}"}

  
[2025-09-21 18:47:10] local.INFO: 
REQUEST : 
POST https://lpdseminyak.biz.id:8000/api/smart/access/login
Content-type:application/json
Authorization:
X-TIMESTAMP:2025-09-21 18:47:14
X-SIGNATURE:MWE1ZDhlMTkyZmYzODdlYTE4NTE3ZDQ3YzI5MzQwZjUyNTBmZDM5ZTk0Zjg4MWQ4NDU4ZTAwZmIxNjVlN2ZjNjFkOTFjNTczNjUyMmNmNzM5MzNmM2QyZmI0OTUxNjU2YzAxYTdlYTdhZTk1MmU0NTg2NTgyZGQxZWRkNzhlNzc=
X-PARTNER-ID:MNwCRtH0ax/jRTvawgxKiDxwUqneXLJ6hMLvVp4FDKUvrTTTQl9hgpCghEiZfQnbVObLbTGIzc2Hq1DR+RTZYg==
X-CLIENT-ID:U01ZU2V6F3B7BWtV[M47ZkRBME1FSTRNVEE0TFVJelJrTXROREl4UkMwNU1VVkJMVVU2VtaW55YWt8MDQwQjgxMDgtQjNTFMVEE1TFRJeElERTRPalEzT2pFMDwhPk1EUXdRGQy00MjFELTkxkdReTAwTWpGRUxUa3hSVUV0UmpJRUEtRjI0RENBNDNGNEVEfDIwMjUtMDktMjEgMTg6NDc6MTQrdE1qRWdNVGc2TkRjNk1UUSghKVEyOXdlWEpwWjJoMElNS3BJREl3TWpVZ1VGUWdSMmx2YzI5bWRDQlRiV0Z5ZEhCeWJ5QkpibVJ2Ym1WemFXRWdDbFpsY25OcGIyNGdNUzR4TGpGOE1qQXlOUzB3T1MweU1TQXhPRG8wTnpveE5Id3dOREJDT0RFd09DMUNNMFpETFRReU1VUXRPVEZGUVMxR01qUkVRMEUwTTBZMFJVUVshXUNvcHlyaWdodCDCqSAyMDI1IFBUIEdpb3NvZnQgU21hcnRwcm8gSW5kb25lc2lhIApWZXJzaW9uIDEuMS4x=
X-REFERENCE:
DATA:
{"user_name":"ab1b96cab73f21734eba3e596efe14c6","user_pass":"a1c25d182077a3188a5d1f526a6ffc01"}

  
[2025-09-21 18:47:11] local.INFO: 
REQUEST : 
POST https://lpdseminyak.biz.id:8000/api/smart/tabungan/mutasi-history
Content-type:application/json
Authorization:
X-TIMESTAMP:2025-09-21 18:47:15
X-SIGNATURE:MWE1ZDhlMTkyZmYzODdlYTE4NTE3ZDQ3YzI5MzQwZjUyNTBmZDM5ZTk0Zjg4MWQ4NDU4ZTAwZmIxNjVlN2ZjNjFkOTFjNTczNjUyMmNmNzM5MzNmM2QyZmI0OTUxNjU2YzAxYTdlYTdhZTk1MmU0NTg2NTgyZGQxZWRkNzhlNzc=
X-PARTNER-ID:5MHoP8rncaOmO0/sNOTZMiVGtBMTnY1KeULeNBlhmiV55iROW/ja4tu8un9SShpmOCICqcTCSJ95dVjRJ2TtNg==
X-CLIENT-ID:U01ZU2V6F3B7BWtV[M47ZkRBME1FSTRNVEE0TFVJelJrTXROREl4UkMwNU1VVkJMVVU2VtaW55YWt8MDQwQjgxMDgtQjNTFMVEE1TFRJeElERTRPalEzT2pFMTwhPk1EUXdRGQy00MjFELTkxkdReTAwTWpGRUxUa3hSVUV0UmpJRUEtRjI0RENBNDNGNEVEfDIwMjUtMDktMjEgMTg6NDc6MTUrdE1qRWdNVGc2TkRjNk1UVSghKVEyOXdlWEpwWjJoMElNS3BJREl3TWpVZ1VGUWdSMmx2YzI5bWRDQlRiV0Z5ZEhCeWJ5QkpibVJ2Ym1WemFXRWdDbFpsY25OcGIyNGdNUzR4TGpGOE1qQXlOUzB3T1MweU1TQXhPRG8wTnpveE5Yd3dOREJDT0RFd09DMUNNMFpETFRReU1VUXRPVEZGUVMxR01qUkVRMEUwTTBZMFJVUVshXUNvcHlyaWdodCDCqSAyMDI1IFBUIEdpb3NvZnQgU21hcnRwcm8gSW5kb25lc2lhIApWZXJzaW9uIDEuMS4x=
X-REFERENCE:
DATA:
{"customer_id":"9mHaNmLTI7bNLGv4aY6huw=="}

  
[2025-09-21 18:49:00] local.INFO: 
REQUEST : 
POST https://lpdseminyak.biz.id:8000/api/smart/transfer/bank/check
Content-type:application/json
Authorization:
X-TIMESTAMP:2025-09-21 18:49:04
X-SIGNATURE:MWE1ZDhlMTkyZmYzODdlYTE4NTE3ZDQ3YzI5MzQwZjUyNTBmZDM5ZTk0Zjg4MWQ4NDU4ZTAwZmIxNjVlN2ZjNjFkOTFjNTczNjUyMmNmNzM5MzNmM2QyZmI0OTUxNjU2YzAxYTdlYTdhZTk1MmU0NTg2NTgyZGQxZWRkNzhlNzc=
X-PARTNER-ID:5a+Py3BRl7NXDBXKSX7VGQRU9eD+jqaUy59NBqUKQOOuFGjeVcL0JqrJ8lZ2XPVt/ARFhLsOO6rQyFdcCXgpZA==
X-CLIENT-ID:U01ZU2V6E3A7AWtV]K47ZkRBME1FSTRNVEE0TFVJelJrTXROREl4UkMwNU1VVkJMVU2VtaW55YWt8MDQwQjgxMDgtQjNGQFMVEE1TFRJeElERTRPalE1T2pBMDwhPk1EUXdy00MjFELTkxFqTkdReTAwTWpGRUxUa3hSVUV0UmpRUEtRjI0RENBNDNGNEVEfDIwMjUtMDktMjEgMTg6NDk6MDQRrdE1qRWdNVGc2TkRrNk1EUSghKVEyOXdlWEpwWjJoMElNS3BJREl3TWpVZ1VGUWdSMmx2YzI5bWRDQlRiV0Z5ZEhCeWJ5QkpibVJ2Ym1WemFXRWdDbFpsY25OcGIyNGdNUzR4TGpGOE1qQXlOUzB3T1MweU1TQXhPRG8wT1Rvd05Id3dOREJDT0RFd09DMUNNMFpETFRReU1VUXRPVEZGUVMxR01qUkVRMEUwTTBZMFJVUVshXUNvcHlyaWdodCDCqSAyMDI1IFBUIEdpb3NvZnQgU21hcnRwcm8gSW5kb25lc2lhIApWZXJzaW9uIDEuMS4x=
X-REFERENCE:SMY0449181O5838212509
DATA:
{"from_acc":"8mS2tCWQuz9l6eyj1Wuyiw==","to_acc":"ndmzpCWS8gzBmkMwbS3lLt5gy6qUYbyLwhNSf63h/Cn16MPdATP0627b9zEWOFG/KaqjoxxqUpu6F0XVEp1mq1omVG8qGcTUDeAiN1qc6Ko=","amount":"boMcPwbHM5UX6czs3Rxv2g==","date_time":"7xprVMMwWg+t8xOxCQlajDtTI4KuMyiTSV27GVBj+bE=","hash_code":"u2/+gPzyrPQJtzuxzSrXYsN37NMKbQDCgHcoy3Sq/vx+QBRZgshWrO0y9TJqaELVpeARXghToGHHxgxxwyeuhVtnSRY+Youl2xW097gb5eY=","remark":""}

  
[2025-09-21 18:49:39] local.INFO: 
REQUEST : 
POST https://lpdseminyak.biz.id:8000/api/smart/access/token
Content-type:application/json
X-TIMESTAMP:2025-09-21 18:49:42
X-CLIENT-ID:U01ZU2V6I3E7EWtVUS47ZkRBME1FSTRNVEE0TFVJelJrTXROREl4UkMwNU1VVkJMVVl5TU2VtaW55YWt8MDQwQjgxM1ESTFMVEE1TFRJeElERTRPalE1T2pReTwhPk1EUXdRamdDgtQjNGQy00MjFELTkxpGRUxUa3hSVUV0UmpJMFJRUEtRjI0RENBNDNGNEVEfDIwMjUtMDktMjEgMTg6NDk6NDI1qRWdNVGc2TkRrNk5ESSghKVEyOXdlWEpwWjJoMElNS3BJREl3TWpVZ1VGUWdSMmx2YzI5bWRDQlRiV0Z5ZEhCeWJ5QkpibVJ2Ym1WemFXRWdDbFpsY25OcGIyNGdNUzR4TGpGOE1qQXlOUzB3T1MweU1TQXhPRG8wT1RvME1ud3dOREJDT0RFd09DMUNNMFpETFRReU1VUXRPVEZGUVMxR01qUkVRMEUwTTBZMFJVUVshXUNvcHlyaWdodCDCqSAyMDI1IFBUIEdpb3NvZnQgU21hcnRwcm8gSW5kb25lc2lhIApWZXJzaW9uIDEuMS4x=
X-SIGNATURE:N6pIJZiA+O9uj4AR/kjOtmageGYM2ucHhuekpVNz1XUQnyLinkRaYrl1XOhcG5AiqN2Lb9VT1Qr14kjCwvNjLSfay2CcXtjI7WqHCGfrRVBt2LRWXc/Ic1a1UwcIr6UBHx0NREgzJpckDAskLg//4IJyvbPB1UqCFstGCgCOGNfxEP8Nurbh8C//JInl3g7hBBr3TSsIxUuqOEYXaxBiGd102ItLpvf0b31ekrzhIQxwoELO/PjuU1G4vxuuleSEyaUXw06PLEwiTXzS45AgYvZibDVn/ODpfTUhTI+ctz74IhIQanAHF5e95oaGCwqwh+7czeOsbO7jhBmBo9adXQ==
DATA:
{"credential":"{get-token}"}

  
[2025-09-21 18:49:48] local.INFO: 
REQUEST : 
POST https://lpdseminyak.biz.id:8000/api/smart/access/login
Content-type:application/json
Authorization:
X-TIMESTAMP:2025-09-21 18:49:52
X-SIGNATURE:MWE1ZDhlMTkyZmYzODdlYTE4NTE3ZDQ3YzI5MzQwZjUyNTBmZDM5ZTk0Zjg4MWQ4NDU4ZTAwZmIxNjVlN2ZjNjFkOTFjNTczNjUyMmNmNzM5MzNmM2QyZmI0OTUxNjU2YzAxYTdlYTdhZTk1MmU0NTg2NTgyZGQxZWRkNzhlNzc=
X-PARTNER-ID:RMg1nvcxkcxA0bBhFQuKxbrkbY8DV09GcgJa8ASHO926OAP7ioju9oDJQycpQuMke4kvmV4jEt9XLLuJdi6AAw==
X-CLIENT-ID:U01ZU2V6I3E7EWtVUS47ZkRBME1FSTRNVEE0TFVJelJrTXROREl4UkMwNU1VVkJMVVl5TU2VtaW55YWt8MDQwQjgxM1ESTFMVEE1TFRJeElERTRPalE1T2pVeTwhPk1EUXdRamdDgtQjNGQy00MjFELTkxpGRUxUa3hSVUV0UmpJMFJRUEtRjI0RENBNDNGNEVEfDIwMjUtMDktMjEgMTg6NDk6NTI1qRWdNVGc2TkRrNk5USSghKVEyOXdlWEpwWjJoMElNS3BJREl3TWpVZ1VGUWdSMmx2YzI5bWRDQlRiV0Z5ZEhCeWJ5QkpibVJ2Ym1WemFXRWdDbFpsY25OcGIyNGdNUzR4TGpGOE1qQXlOUzB3T1MweU1TQXhPRG8wT1RvMU1ud3dOREJDT0RFd09DMUNNMFpETFRReU1VUXRPVEZGUVMxR01qUkVRMEUwTTBZMFJVUVshXUNvcHlyaWdodCDCqSAyMDI1IFBUIEdpb3NvZnQgU21hcnRwcm8gSW5kb25lc2lhIApWZXJzaW9uIDEuMS4x=
X-REFERENCE:
DATA:
{"user_name":"ab1b96cab73f21734eba3e596efe14c6","user_pass":"a1c25d182077a3188a5d1f526a6ffc01"}

  
[2025-09-21 18:49:49] local.INFO: 
REQUEST : 
POST https://lpdseminyak.biz.id:8000/api/smart/tabungan/mutasi-history
Content-type:application/json
Authorization:
X-TIMESTAMP:2025-09-21 18:49:53
X-SIGNATURE:MWE1ZDhlMTkyZmYzODdlYTE4NTE3ZDQ3YzI5MzQwZjUyNTBmZDM5ZTk0Zjg4MWQ4NDU4ZTAwZmIxNjVlN2ZjNjFkOTFjNTczNjUyMmNmNzM5MzNmM2QyZmI0OTUxNjU2YzAxYTdlYTdhZTk1MmU0NTg2NTgyZGQxZWRkNzhlNzc=
X-PARTNER-ID:cPHXSS1YRj6qgNu7UT4fggnaTwYUsVSZxPZSN1GXnBI8OtZVXO7tpn2TajCVNN7kXzRTp1Ec+bf4/LXbxEo1ZQ==
X-CLIENT-ID:U01ZU2V6I3E7EWtVUS47ZkRBME1FSTRNVEE0TFVJelJrTXROREl4UkMwNU1VVkJMVVl5TU2VtaW55YWt8MDQwQjgxM1ESTFMVEE1TFRJeElERTRPalE1T2pVejwhPk1EUXdRamdDgtQjNGQy00MjFELTkxpGRUxUa3hSVUV0UmpJMFJRUEtRjI0RENBNDNGNEVEfDIwMjUtMDktMjEgMTg6NDk6NTM1qRWdNVGc2TkRrNk5UTSghKVEyOXdlWEpwWjJoMElNS3BJREl3TWpVZ1VGUWdSMmx2YzI5bWRDQlRiV0Z5ZEhCeWJ5QkpibVJ2Ym1WemFXRWdDbFpsY25OcGIyNGdNUzR4TGpGOE1qQXlOUzB3T1MweU1TQXhPRG8wT1RvMU0zd3dOREJDT0RFd09DMUNNMFpETFRReU1VUXRPVEZGUVMxR01qUkVRMEUwTTBZMFJVUVshXUNvcHlyaWdodCDCqSAyMDI1IFBUIEdpb3NvZnQgU21hcnRwcm8gSW5kb25lc2lhIApWZXJzaW9uIDEuMS4x=
X-REFERENCE:
DATA:
{"customer_id":"9mHaNmLTI7bNLGv4aY6huw=="}

  
[2025-09-21 18:50:23] local.INFO: 
REQUEST : 
POST https://lpdseminyak.biz.id:8000/api/smart/transfer/bank/check
Content-type:application/json
Authorization:
X-TIMESTAMP:2025-09-21 18:50:27
X-SIGNATURE:MWE1ZDhlMTkyZmYzODdlYTE4NTE3ZDQ3YzI5MzQwZjUyNTBmZDM5ZTk0Zjg4MWQ4NDU4ZTAwZmIxNjVlN2ZjNjFkOTFjNTczNjUyMmNmNzM5MzNmM2QyZmI0OTUxNjU2YzAxYTdlYTdhZTk1MmU0NTg2NTgyZGQxZWRkNzhlNzc=
X-PARTNER-ID:snAhDX7w0K9zpL+JQEFM9JDwNp1+XGnYLTW843p8UdJZcf2dydJ0VRGxKe0Juj4Mo6Wg774tFjcz0Y5xLY6sug==
X-CLIENT-ID:U01ZU2V6G3C7CWtVYO47ZkRBME1FSTRNVEE0TFVJelJrTXROREl4UkMwNU1VVkJMVVlU2VtaW55YWt8MDQwQjgxMDgtQSTFMVEE1TFRJeElERTRPalV3T2pJMzwhPk1EUXdRajNGQy00MjFELTkxeTAwTWpGRUxUa3hSVUV0UmpJMRUEtRjI0RENBNDNGNEVEfDIwMjUtMDktMjEgMTg6NTA6MjcdE1qRWdNVGc2TlRBNk1qYyghKVEyOXdlWEpwWjJoMElNS3BJREl3TWpVZ1VGUWdSMmx2YzI5bWRDQlRiV0Z5ZEhCeWJ5QkpibVJ2Ym1WemFXRWdDbFpsY25OcGIyNGdNUzR4TGpGOE1qQXlOUzB3T1MweU1TQXhPRG8xTURveU4zd3dOREJDT0RFd09DMUNNMFpETFRReU1VUXRPVEZGUVMxR01qUkVRMEUwTTBZMFJVUVshXUNvcHlyaWdodCDCqSAyMDI1IFBUIEdpb3NvZnQgU21hcnRwcm8gSW5kb25lc2lhIApWZXJzaW9uIDEuMS4x=
X-REFERENCE:SMY2750181O5654212509
DATA:
{"from_acc":"8mS2tCWQuz9l6eyj1Wuyiw==","to_acc":"3nFBEcIhCvKjbAkFZ8e22PbGN+/HOOTFdNZqLiQnrkaz4XoZTAko6gsx7C6XC98V1O8yLy+a/hcpFnRFtnss5UW/7t/Gfs2W14PmFGtKO5w=","amount":"boMcPwbHM5UX6czs3Rxv2g==","date_time":"ItIbTydmcvF6tueIHvm9X4QsgfHpjHtNff+TjOzC9DQ=","hash_code":"VeQ25JJSxh8MgK7TRmsYGIVWBniJ6PRzZGGS8gfmexN3EOoESms+Qe2Fj8GdrLWIH7c+TO9nr1YLaanZm/kU6MEA1zn7JDudAVxnkOdCmNo=","remark":""}

  
[2025-09-21 18:50:26] local.INFO: 
REQUEST : 
POST https://lpdseminyak.biz.id:8000/api/smart/transfer/bank/check
Content-type:application/json
Authorization:
X-TIMESTAMP:2025-09-21 18:50:30
X-SIGNATURE:MWE1ZDhlMTkyZmYzODdlYTE4NTE3ZDQ3YzI5MzQwZjUyNTBmZDM5ZTk0Zjg4MWQ4NDU4ZTAwZmIxNjVlN2ZjNjFkOTFjNTczNjUyMmNmNzM5MzNmM2QyZmI0OTUxNjU2YzAxYTdlYTdhZTk1MmU0NTg2NTgyZGQxZWRkNzhlNzc=
X-PARTNER-ID:4GiaX2DK8jmOxELgo3vviWFwawxtdjIL1KRDJzCiuxRfckEHtGK8KAvDN7YPTAKxX1dflfeZj9VH2hU8KmReJg==
X-CLIENT-ID:U01ZU2V6G3C7CWtVYO47ZkRBME1FSTRNVEE0TFVJelJrTXROREl4UkMwNU1VVkJMVVlU2VtaW55YWt8MDQwQjgxMDgtQSTFMVEE1TFRJeElERTRPalV3T2pNdzwhPk1EUXdRajNGQy00MjFELTkxeTAwTWpGRUxUa3hSVUV0UmpJMRUEtRjI0RENBNDNGNEVEfDIwMjUtMDktMjEgMTg6NTA6MzAdE1qRWdNVGc2TlRBNk16QSghKVEyOXdlWEpwWjJoMElNS3BJREl3TWpVZ1VGUWdSMmx2YzI5bWRDQlRiV0Z5ZEhCeWJ5QkpibVJ2Ym1WemFXRWdDbFpsY25OcGIyNGdNUzR4TGpGOE1qQXlOUzB3T1MweU1TQXhPRG8xTURvek1Id3dOREJDT0RFd09DMUNNMFpETFRReU1VUXRPVEZGUVMxR01qUkVRMEUwTTBZMFJVUVshXUNvcHlyaWdodCDCqSAyMDI1IFBUIEdpb3NvZnQgU21hcnRwcm8gSW5kb25lc2lhIApWZXJzaW9uIDEuMS4x=
X-REFERENCE:SMY3050181O5691212509
DATA:
{"from_acc":"8mS2tCWQuz9l6eyj1Wuyiw==","to_acc":"cHkA6vyz0X09rlkACXflALvCIYVsB4cdYeWm2vBVa/PwI4EOTUi4z3dr17a+Mg6MKLlnxpLU7xrPd0Z1EnLYdas6w1p9hc9vbWM11kMNxc4=","amount":"boMcPwbHM5UX6czs3Rxv2g==","date_time":"ItIbTydmcvF6tueIHvm9XznfknOXpD1DkenvZOaCIl4=","hash_code":"p9gem1EerosW/dBfJoexTdu9bGNtHWMwOGkES+EorTZA/YV4MZxHmSZwlZVw8O/+Gcf909VycjLvBmkOel/W4r+ZsIavwfRfwHpIi18Q4L4=","remark":""}

  
[2025-09-22 00:03:02] local.INFO: 
REQUEST : 
POST https://lpdseminyak.biz.id:8000/api/smart/access/token
Content-type:application/json
X-TIMESTAMP:2025-09-22 00:03:04
X-CLIENT-ID:U01ZU2V6E3A7AWtV]K39ZkZOUU1VRXVNakV3T0RFeUxqQXhOaTR3T1RBNU1qQXlOVU2VtaW55YWt8U1AxQS4yMTA4MTIuMlJREF3T2pBek9qQTA8IT5VMUF4UVM0eU1UQTRDE2LjA5MDkyxqQTVNRGt5TURJMU1UTXpOREV3ZkZMDI1MTMzNDEwfDIwMjUtMDktMjIgMDA6MDM6MDQZNRE02TURRKCEpUTI5d2VYSnBaMmgwSU1LcElESXdNalVnVUZRZ1IybHZjMjltZENCVGJXRnlkSEJ5YnlCSmJtUnZibVZ6YVdFZ0NsWmxjbk5wYjI0Z01TNHhMakY4TWpBeU5TMHdPUzB5TWlBd01Eb3dNem93Tkh4VFVERkJMakl4TURneE1pNHdNVFl1TURrd09USXdNalV4TXpNME1UQVshXUNvcHlyaWdodCDCqSAyMDI1IFBUIEdpb3NvZnQgU21hcnRwcm8gSW5kb25lc2lhIApWZXJzaW9uIDEuMS4x=
X-SIGNATURE:mOXDi2OVJYlN3RJINVCjHGpcW+0+IDP/zVYTs+oNOp4nkYZT+90e4Dv1Sj93GIQTqBo7AHpTkdrvk7keMu88pMovceLlMA4NFgVwcjFJ6W3W2Gsoty2BsjjOw44P+e7CzHmjXqwskIjtRwJvK2U8waDiJnFcCoDHqbnvWjE7eQTyg/laa0wBvYIWzeC35DZ21a7FtV5b/kameP0jeklJRHQ3UWMI4qEyikBPDOiAzpsUqXWuziNthTloXIKO1FOJmKkvWN+p4d44wrVwRnTR4SvpbiSwtrgMZGB9tygkjB1L6LYuz0seHoYyxRYbytx92lgqoFheRXFU6c1z6hSotQ==
DATA:
{"credential":"{get-token}"}

  
[2025-09-22 00:03:06] local.INFO: 
REQUEST : 
POST https://lpdseminyak.biz.id:8000/api/smart/access/login
Content-type:application/json
Authorization:
X-TIMESTAMP:2025-09-22 00:03:10
X-SIGNATURE:ZjhhMDViYTBkNzE0YTYxMGNjY2ZlYzFlY2ZlODVkZmI4NTNiMjgxZmExYWYyODhmNWQ0ZTZmNTI1NWI5NzhjMGZkYjdjZWEyN2E5NjA2NWYxNGNmZjg1NDU3YWI1MjljMDc1MDU1MDRlMDc1MmY0Zjg4ZThkYTE5MDhiMTNjZjE=
X-PARTNER-ID:rGd79n8jRvm5acgJ1AEIJjaHIJVj/z+Ky9/yxLVNevUWgYJ+Jvu4WhWvF4Nxw+Pz3ZyAY1bzZYkp/sOgUhJYfw==
X-CLIENT-ID:U01ZU2V6E3A7AWtV]K39ZkZOUU1VRXVNakV3T0RFeUxqQXhOaTR3T1RBNU1qQXlOVU2VtaW55YWt8U1AxQS4yMTA4MTIuMlJREF3T2pBek9qRXc8IT5VMUF4UVM0eU1UQTRDE2LjA5MDkyxqQTVNRGt5TURJMU1UTXpOREV3ZkZMDI1MTMzNDEwfDIwMjUtMDktMjIgMDA6MDM6MTAZNRE02TVRBKCEpUTI5d2VYSnBaMmgwSU1LcElESXdNalVnVUZRZ1IybHZjMjltZENCVGJXRnlkSEJ5YnlCSmJtUnZibVZ6YVdFZ0NsWmxjbk5wYjI0Z01TNHhMakY4TWpBeU5TMHdPUzB5TWlBd01Eb3dNem94TUh4VFVERkJMakl4TURneE1pNHdNVFl1TURrd09USXdNalV4TXpNME1UQVshXUNvcHlyaWdodCDCqSAyMDI1IFBUIEdpb3NvZnQgU21hcnRwcm8gSW5kb25lc2lhIApWZXJzaW9uIDEuMS4x=
X-REFERENCE:
DATA:
{"user_name":"6194e572d0688b5a999e546766307b52","user_pass":"e7967de1fd507d70aff40f3b379beadd"}

  
[2025-09-22 00:03:39] local.INFO: 
REQUEST : 
POST https://lpdseminyak.biz.id:8000/api/smart/access/token
Content-type:application/json
X-TIMESTAMP:2025-09-22 00:03:43
X-CLIENT-ID:U01ZU2V6I3E7EWtVUS39ZkZOUU1VRXVNakV3T0RFeUxqQXhOaTR3T1RBNU1qQXlOVEV6TU2VtaW55YWt8U1AxQS4yMxUSXlJREF3T2pBek9qUXo8IT5VMUF4UVM0eU1UQTRNVElTA4MTIuMDE2LjA5MDkyRJMU1UTXpOREV3ZkZObGJMDI1MTMzNDEwfDIwMjUtMDktMjIgMDA6MDM6NDM02TkRNKCEpUTI5d2VYSnBaMmgwSU1LcElESXdNalVnVUZRZ1IybHZjMjltZENCVGJXRnlkSEJ5YnlCSmJtUnZibVZ6YVdFZ0NsWmxjbk5wYjI0Z01TNHhMakY4TWpBeU5TMHdPUzB5TWlBd01Eb3dNem8wTTN4VFVERkJMakl4TURneE1pNHdNVFl1TURrd09USXdNalV4TXpNME1UQVshXUNvcHlyaWdodCDCqSAyMDI1IFBUIEdpb3NvZnQgU21hcnRwcm8gSW5kb25lc2lhIApWZXJzaW9uIDEuMS4x=
X-SIGNATURE:R8DJdsrPqHvutEUhKWA1n4O4i3V5E4pppbw6afep6FHbgaBA0fbNtL9QTLorIIJywQRkQmAbIMaJDL9g+rWhqISsaEv7f7YhlFuk8gwMo8wGDyve0cNa1jK/JELNt4fiLLtUnDry3uH2gK7IwXYbLNk6ZleuNLu41nSn0zXdvuyJAv/Kqjp5bvfK6QR9/YoMD0dXKmSJA++RjtzQBViY/S6f8oMpFIMegaEidg0UCr3uaVPmMoY/HAEuyLX85h5HOsDorpxWH/xe0TvaYv1z3xozMB/QIdek040V89+utA8AWSTnaPuYbD9NXvVlZoOMvqIQF9AvJ5DLOlcwUAcOIg==
DATA:
{"credential":"{get-token}"}

  
[2025-09-22 00:03:42] local.INFO: 
REQUEST : 
POST https://lpdseminyak.biz.id:8000/api/smart/access/login
Content-type:application/json
Authorization:
X-TIMESTAMP:2025-09-22 00:03:46
X-SIGNATURE:ZjhhMDViYTBkNzE0YTYxMGNjY2ZlYzFlY2ZlODVkZmI4NTNiMjgxZmExYWYyODhmNWQ0ZTZmNTI1NWI5NzhjMGZkYjdjZWEyN2E5NjA2NWYxNGNmZjg1NDU3YWI1MjljMDc1MDU1MDRlMDc1MmY0Zjg4ZThkYTE5MDhiMTNjZjE=
X-PARTNER-ID:RcchDEiPh6SFFU0T1dnk52sVMJHQ948fWwjrJE1pwV/oDwrNpJF55MweBr62XvMeHwtxMzsYNQSI0WMZKHbN5w==
X-CLIENT-ID:U01ZU2V6I3E7EWtVUS39ZkZOUU1VRXVNakV3T0RFeUxqQXhOaTR3T1RBNU1qQXlOVEV6TU2VtaW55YWt8U1AxQS4yMxUSXlJREF3T2pBek9qUTI8IT5VMUF4UVM0eU1UQTRNVElTA4MTIuMDE2LjA5MDkyRJMU1UTXpOREV3ZkZObGJMDI1MTMzNDEwfDIwMjUtMDktMjIgMDA6MDM6NDY02TkRZKCEpUTI5d2VYSnBaMmgwSU1LcElESXdNalVnVUZRZ1IybHZjMjltZENCVGJXRnlkSEJ5YnlCSmJtUnZibVZ6YVdFZ0NsWmxjbk5wYjI0Z01TNHhMakY4TWpBeU5TMHdPUzB5TWlBd01Eb3dNem8wTm54VFVERkJMakl4TURneE1pNHdNVFl1TURrd09USXdNalV4TXpNME1UQVshXUNvcHlyaWdodCDCqSAyMDI1IFBUIEdpb3NvZnQgU21hcnRwcm8gSW5kb25lc2lhIApWZXJzaW9uIDEuMS4x=
X-REFERENCE:
DATA:
{"user_name":"6194e572d0688b5a999e546766307b52","user_pass":"54a7826dff55fa672451f066c5289d27"}

  
[2025-09-22 00:03:45] local.INFO: 
REQUEST : 
POST https://lpdseminyak.biz.id:8000/api/smart/tabungan/mutasi-history
Content-type:application/json
Authorization:
X-TIMESTAMP:2025-09-22 00:03:49
X-SIGNATURE:ZjhhMDViYTBkNzE0YTYxMGNjY2ZlYzFlY2ZlODVkZmI4NTNiMjgxZmExYWYyODhmNWQ0ZTZmNTI1NWI5NzhjMGZkYjdjZWEyN2E5NjA2NWYxNGNmZjg1NDU3YWI1MjljMDc1MDU1MDRlMDc1MmY0Zjg4ZThkYTE5MDhiMTNjZjE=
X-PARTNER-ID:pOA3yirsAjWylciUor5IWZithGVK9BV7KPW58CsyB0R452FRqgf1MPVZu7AemHP0JRzC3IPUvLfrNm9Uzom/+Q==
X-CLIENT-ID:U01ZU2V6I3E7EWtVUS39ZkZOUU1VRXVNakV3T0RFeUxqQXhOaTR3T1RBNU1qQXlOVEV6TU2VtaW55YWt8U1AxQS4yMxUSXlJREF3T2pBek9qUTU8IT5VMUF4UVM0eU1UQTRNVElTA4MTIuMDE2LjA5MDkyRJMU1UTXpOREV3ZkZObGJMDI1MTMzNDEwfDIwMjUtMDktMjIgMDA6MDM6NDk02TkRrKCEpUTI5d2VYSnBaMmgwSU1LcElESXdNalVnVUZRZ1IybHZjMjltZENCVGJXRnlkSEJ5YnlCSmJtUnZibVZ6YVdFZ0NsWmxjbk5wYjI0Z01TNHhMakY4TWpBeU5TMHdPUzB5TWlBd01Eb3dNem8wT1h4VFVERkJMakl4TURneE1pNHdNVFl1TURrd09USXdNalV4TXpNME1UQVshXUNvcHlyaWdodCDCqSAyMDI1IFBUIEdpb3NvZnQgU21hcnRwcm8gSW5kb25lc2lhIApWZXJzaW9uIDEuMS4x=
X-REFERENCE:
DATA:
{"customer_id":"fBqL4BNtcgxl6Al2k8Wggg=="}

  
[2025-09-22 00:05:55] local.INFO: 
REQUEST : 
POST https://lpdseminyak.biz.id:8000/api/smart/access/logout
Content-type:application/json
Authorization:
X-TIMESTAMP:2025-09-22 00:05:59
X-SIGNATURE:ZjhhMDViYTBkNzE0YTYxMGNjY2ZlYzFlY2ZlODVkZmI4NTNiMjgxZmExYWYyODhmNWQ0ZTZmNTI1NWI5NzhjMGZkYjdjZWEyN2E5NjA2NWYxNGNmZjg1NDU3YWI1MjljMDc1MDU1MDRlMDc1MmY0Zjg4ZThkYTE5MDhiMTNjZjE=
X-PARTNER-ID:5okwio+QDjgDjkPWpWTINQXqMMnsw0gNfxd+It/N2aOvwYIORmPzmP/RH3uapyQsQxYC2+8zuAWFmtqvh4GZ/g==
X-CLIENT-ID:U01ZU2V6I3E7EWtVUS39ZkZOUU1VRXVNakV3T0RFeUxqQXhOaTR3T1RBNU1qQXlOVEV6TU2VtaW55YWt8U1AxQS4yMxUSXlJREF3T2pBMU9qVTU8IT5VMUF4UVM0eU1UQTRNVElTA4MTIuMDE2LjA5MDkyRJMU1UTXpOREV3ZkZObGJMDI1MTMzNDEwfDIwMjUtMDktMjIgMDA6MDU6NTkU2TlRrKCEpUTI5d2VYSnBaMmgwSU1LcElESXdNalVnVUZRZ1IybHZjMjltZENCVGJXRnlkSEJ5YnlCSmJtUnZibVZ6YVdFZ0NsWmxjbk5wYjI0Z01TNHhMakY4TWpBeU5TMHdPUzB5TWlBd01Eb3dOVG8xT1h4VFVERkJMakl4TURneE1pNHdNVFl1TURrd09USXdNalV4TXpNME1UQVshXUNvcHlyaWdodCDCqSAyMDI1IFBUIEdpb3NvZnQgU21hcnRwcm8gSW5kb25lc2lhIApWZXJzaW9uIDEuMS4x=
X-REFERENCE:
DATA:


  
[2025-09-22 00:06:17] local.INFO: 
REQUEST : 
POST https://lpdseminyak.biz.id:8000/api/smart/access/token
Content-type:application/json
X-TIMESTAMP:2025-09-22 00:06:18
X-CLIENT-ID:U01ZU2V6F3B7BWtV[M39ZkZOUU1VRXVNakV3T0RFeUxqQXhOaTR3T1RBNU1qQXlOVEU2VtaW55YWt8U1AxQS4yMTA4MTIXlJREF3T2pBMk9qRTQ8IT5VMUF4UVM0eU1UQTRNuMDE2LjA5MDkyTVNRGt5TURJMU1UTXpOREV3ZkZOMDI1MTMzNDEwfDIwMjUtMDktMjIgMDA6MDY6MTgNRFk2TVRnKCEpUTI5d2VYSnBaMmgwSU1LcElESXdNalVnVUZRZ1IybHZjMjltZENCVGJXRnlkSEJ5YnlCSmJtUnZibVZ6YVdFZ0NsWmxjbk5wYjI0Z01TNHhMakY4TWpBeU5TMHdPUzB5TWlBd01Eb3dOam94T0h4VFVERkJMakl4TURneE1pNHdNVFl1TURrd09USXdNalV4TXpNME1UQVshXUNvcHlyaWdodCDCqSAyMDI1IFBUIEdpb3NvZnQgU21hcnRwcm8gSW5kb25lc2lhIApWZXJzaW9uIDEuMS4x=
X-SIGNATURE:aTaW7zYn2oyfq54fbtyQwiG+dNABEVZopgNuK8T+By7Esp0wJtHxCVvhTh5Z/sO1nZNCwKflhLLc4GLQvctvDbZLN2SQqwmUytGQP1QXshIUwyXesrYuPGpKKrlLzrbnMuEtCnpYhVfhLVQGQHZBqhHzdPR53KnyqgzhmY1Uc4GTXUu3JrRjLbjoWsMwzJ+GcendSoMZXLURtlbG9G14q9NjOVsg/jvsU1yyDT+bkqJV/JhTEjg7W2wJoCcBpKxqyNzbeCYJZEaqhCuMk/kJFu1JmrwCKO/TStHxPez6wN+aofKUSRIooGzXuLlyfgmx6PD36xmlfv9OxhflHDgp0Q==
DATA:
{"credential":"{get-token}"}

  
[2025-09-22 00:06:53] local.INFO: 
REQUEST : 
POST https://lpdseminyak.biz.id:8000/api/smart/access/token
Content-type:application/json
X-TIMESTAMP:2025-09-22 00:06:56
X-CLIENT-ID:U01ZU2V6I3E7EWtVUS39ZkZOUU1VRXVNakV3T0RFeUxqQXhOaTR3T1RBNU1qQXlOVEV6TU2VtaW55YWt8U1AxQS4yMxUSXlJREF3T2pBMk9qVTI8IT5VMUF4UVM0eU1UQTRNVElTA4MTIuMDE2LjA5MDkyRJMU1UTXpOREV3ZkZObGJMDI1MTMzNDEwfDIwMjUtMDktMjIgMDA6MDY6NTYk2TlRZKCEpUTI5d2VYSnBaMmgwSU1LcElESXdNalVnVUZRZ1IybHZjMjltZENCVGJXRnlkSEJ5YnlCSmJtUnZibVZ6YVdFZ0NsWmxjbk5wYjI0Z01TNHhMakY4TWpBeU5TMHdPUzB5TWlBd01Eb3dOam8xTm54VFVERkJMakl4TURneE1pNHdNVFl1TURrd09USXdNalV4TXpNME1UQVshXUNvcHlyaWdodCDCqSAyMDI1IFBUIEdpb3NvZnQgU21hcnRwcm8gSW5kb25lc2lhIApWZXJzaW9uIDEuMS4x=
X-SIGNATURE:otRd5eYoZFOnYprY+AzTdhV1l56p+BVxbpf4+SdeGSPa8r1hsK2ASl+gfXUvuVFhRnzC01om7Ee3QLWQcWK6czGa9eM1IaXQUKYGZU1o6bbTV5qyIr8QosS5T8JBT1+2e3PjhPPDPnENK76QTKHuEsFZNzqlG3U8t0vtV0WacDGIA/SytBE840d0OVN6ohff95bOHkRcB8qxrVNVOeyEdFFQpqXueAOTHqTQgYqgdULM9+6sj4fqUznQj++XyVyf/QF2R/KQD3ZrJWuED1TZIWMP4XHQnSMYrLXx1hXW/BTKaX//L5FNy/hrGQMhmXGFn893QMxe8/RZLIgxBNyVTQ==
DATA:
{"credential":"{get-token}"}

  
[2025-09-22 00:07:13] local.INFO: 
REQUEST : 
POST https://lpdseminyak.biz.id:8000/api/smart/access/login
Content-type:application/json
Authorization:
X-TIMESTAMP:2025-09-22 00:07:15
X-SIGNATURE:ZjhhMDViYTBkNzE0YTYxMGNjY2ZlYzFlY2ZlODVkZmI4NTNiMjgxZmExYWYyODhmNWQ0ZTZmNTI1NWI5NzhjMGZkYjdjZWEyN2E5NjA2NWYxNGNmZjg1NDU3YWI1MjljMDc1MDU1MDRlMDc1MmY0Zjg4ZThkYTE5MDhiMTNjZjE=
X-PARTNER-ID:5XITCLvg7wHRHFzmhmesGG3pxouroq+qz7q2XDM6ARTT2/1JaqsN47hbROOg1ErJc9PzTdAh6EcKbPA0TlVFcQ==
X-CLIENT-ID:U01ZU2V6F3B7BWtV[M39ZkZOUU1VRXVNakV3T0RFeUxqQXhOaTR3T1RBNU1qQXlOVEU2VtaW55YWt8U1AxQS4yMTA4MTIXlJREF3T2pBM09qRTE8IT5VMUF4UVM0eU1UQTRNuMDE2LjA5MDkyTVNRGt5TURJMU1UTXpOREV3ZkZOMDI1MTMzNDEwfDIwMjUtMDktMjIgMDA6MDc6MTUNRGM2TVRVKCEpUTI5d2VYSnBaMmgwSU1LcElESXdNalVnVUZRZ1IybHZjMjltZENCVGJXRnlkSEJ5YnlCSmJtUnZibVZ6YVdFZ0NsWmxjbk5wYjI0Z01TNHhMakY4TWpBeU5TMHdPUzB5TWlBd01Eb3dOem94Tlh4VFVERkJMakl4TURneE1pNHdNVFl1TURrd09USXdNalV4TXpNME1UQVshXUNvcHlyaWdodCDCqSAyMDI1IFBUIEdpb3NvZnQgU21hcnRwcm8gSW5kb25lc2lhIApWZXJzaW9uIDEuMS4x=
X-REFERENCE:
DATA:
{"user_name":"6194e572d0688b5a999e546766307b52","user_pass":"54a7826dff55fa672451f066c5289d27"}

  
[2025-09-22 00:07:16] local.INFO: 
REQUEST : 
POST https://lpdseminyak.biz.id:8000/api/smart/tabungan/mutasi-history
Content-type:application/json
Authorization:
X-TIMESTAMP:2025-09-22 00:07:20
X-SIGNATURE:ZjhhMDViYTBkNzE0YTYxMGNjY2ZlYzFlY2ZlODVkZmI4NTNiMjgxZmExYWYyODhmNWQ0ZTZmNTI1NWI5NzhjMGZkYjdjZWEyN2E5NjA2NWYxNGNmZjg1NDU3YWI1MjljMDc1MDU1MDRlMDc1MmY0Zjg4ZThkYTE5MDhiMTNjZjE=
X-PARTNER-ID:UdfMW7yPdH8ttbuWdFbo4WgLg6CjiZD96dC7a0OIcxQ0/zxKTyoO95Kxcs70JbMVk22LI8WDNa+seYqInj6rgA==
X-CLIENT-ID:U01ZU2V6F3B7BWtV[M39ZkZOUU1VRXVNakV3T0RFeUxqQXhOaTR3T1RBNU1qQXlOVEU2VtaW55YWt8U1AxQS4yMTA4MTIXlJREF3T2pBM09qSXc8IT5VMUF4UVM0eU1UQTRNuMDE2LjA5MDkyTVNRGt5TURJMU1UTXpOREV3ZkZOMDI1MTMzNDEwfDIwMjUtMDktMjIgMDA6MDc6MjANRGM2TWpBKCEpUTI5d2VYSnBaMmgwSU1LcElESXdNalVnVUZRZ1IybHZjMjltZENCVGJXRnlkSEJ5YnlCSmJtUnZibVZ6YVdFZ0NsWmxjbk5wYjI0Z01TNHhMakY4TWpBeU5TMHdPUzB5TWlBd01Eb3dOem95TUh4VFVERkJMakl4TURneE1pNHdNVFl1TURrd09USXdNalV4TXpNME1UQVshXUNvcHlyaWdodCDCqSAyMDI1IFBUIEdpb3NvZnQgU21hcnRwcm8gSW5kb25lc2lhIApWZXJzaW9uIDEuMS4x=
X-REFERENCE:
DATA:
{"customer_id":"fBqL4BNtcgxl6Al2k8Wggg=="}

  
[2025-09-22 00:07:24] local.INFO: 
REQUEST : 
POST https://lpdseminyak.biz.id:8000/api/smart/access/token
Content-type:application/json
X-TIMESTAMP:2025-09-22 00:07:27
X-CLIENT-ID:U01ZU2V6G3C7CWtVYO39ZkZOUU1VRXVNakV3T0RFeUxqQXhOaTR3T1RBNU1qQXlOVEVU2VtaW55YWt8U1AxQS4yMTA4MSXlJREF3T2pBM09qSTM8IT5VMUF4UVM0eU1UQTRNVTIuMDE2LjA5MDkyRGt5TURJMU1UTXpOREV3ZkZObMDI1MTMzNDEwfDIwMjUtMDktMjIgMDA6MDc6MjcRGM2TWpjKCEpUTI5d2VYSnBaMmgwSU1LcElESXdNalVnVUZRZ1IybHZjMjltZENCVGJXRnlkSEJ5YnlCSmJtUnZibVZ6YVdFZ0NsWmxjbk5wYjI0Z01TNHhMakY4TWpBeU5TMHdPUzB5TWlBd01Eb3dOem95TjN4VFVERkJMakl4TURneE1pNHdNVFl1TURrd09USXdNalV4TXpNME1UQVshXUNvcHlyaWdodCDCqSAyMDI1IFBUIEdpb3NvZnQgU21hcnRwcm8gSW5kb25lc2lhIApWZXJzaW9uIDEuMS4x=
X-SIGNATURE:Ne8pShHVQ755G0i9mVksA5zQbhO3ZfyystEslZdm2taDgPw9D0tB/VpOLGnUW6AwYI2AAyI+yymPs684obAP9L4+PKjW1imr23Ln39V1kFq3wTaIqgnRXzpF8HZbWqwhB+JGt+jEC0GC/H9iig9Rfc9RmtUycjk36TNN5LHQ4BdcthkjbRwhX7OxVZbGx3f6pSbV4p4EkMW/nrJkfN+9wuBAcTuYAudQNDAqyZYxvYGjAsT0HxDPHGddWodGcy9wAu2tCL+v1VRyGBl65FbS8Y6d9Rz7sOQfs02oLT6NeEno3BOCYcvBDMVOHakTXsjFmQhl34b3hmxEyjLI5ymwVA==
DATA:
{"credential":"{get-token}"}

  
[2025-09-22 00:07:36] local.INFO: 
REQUEST : 
POST https://lpdseminyak.biz.id:8000/api/smart/cardless/create/token
Content-type:application/json
Authorization:
X-TIMESTAMP:2025-09-22 00:07:40
X-SIGNATURE:ZjhhMDViYTBkNzE0YTYxMGNjY2ZlYzFlY2ZlODVkZmI4NTNiMjgxZmExYWYyODhmNWQ0ZTZmNTI1NWI5NzhjMGZkYjdjZWEyN2E5NjA2NWYxNGNmZjg1NDU3YWI1MjljMDc1MDU1MDRlMDc1MmY0Zjg4ZThkYTE5MDhiMTNjZjE=
X-PARTNER-ID:AEANj6sLB/cosCrmgPH53XiXw/UvmNPknXQNTRPE15NK+/AJLyOw6Qdw/0vR2ur2OSZfSDICzsQotqhaaVpBlg==
X-CLIENT-ID:U01ZU2V6H3D7DWtVW[29ZkZOUU1VRXVNakV3T0RFeUxqQXhOaTR3T1RBNU1qQXlOVEV6U2VtaW55YWt8U1AxQS4yMTAUSXlJREF3T2pBM09qUXc8IT5VMUF4UVM0eU1UQTRNVE4MTIuMDE2LjA5MDkyMDI1MTMzNDXpOREV3ZkZObGEwfDIwMjUtMDktMjIgMDA6MDc6NDAJZ01EQTZNRGM2TkRBKCEpUTI5d2VYSnBaMmgwSU1LcElESXdNalVnVUZRZ1IybHZjMjltZENCVGJXRnlkSEJ5YnlCSmJtUnZibVZ6YVdFZ0NsWmxjbk5wYjI0Z01TNHhMakY4TWpBeU5TMHdPUzB5TWlBd01Eb3dOem8wTUh4VFVERkJMakl4TURneE1pNHdNVFl1TURrd09USXdNalV4TXpNME1UQVshXUNvcHlyaWdodCDCqSAyMDI1IFBUIEdpb3NvZnQgU21hcnRwcm8gSW5kb25lc2lhIApWZXJzaW9uIDEuMS4x=
X-REFERENCE:
DATA:
{"customer_acc":"jOPwqXy4hIfdXIdO29YNBQ==","hash_code":"524a0f2b812f9391c9928744a5a065bc8a585dbb437baf9f988357fb0085ec8d"}

  
[2025-09-22 00:07:42] local.INFO: 
REQUEST : 
POST https://lpdseminyak.biz.id:8000/api/smart/access/logout
Content-type:application/json
Authorization:
X-TIMESTAMP:2025-09-22 00:07:46
X-SIGNATURE:ZjhhMDViYTBkNzE0YTYxMGNjY2ZlYzFlY2ZlODVkZmI4NTNiMjgxZmExYWYyODhmNWQ0ZTZmNTI1NWI5NzhjMGZkYjdjZWEyN2E5NjA2NWYxNGNmZjg1NDU3YWI1MjljMDc1MDU1MDRlMDc1MmY0Zjg4ZThkYTE5MDhiMTNjZjE=
X-PARTNER-ID:hrrZI62dgKAQ0O5VjAZrLtmncFb4B6tqg6njYJSgk5lOBCGVG55ZQIeqykEZ44cQxGNfzyvdkt0KTwEcFZJ8ow==
X-CLIENT-ID:U01ZU2V6I3E7EWtVUS39ZkZOUU1VRXVNakV3T0RFeUxqQXhOaTR3T1RBNU1qQXlOVEV6TU2VtaW55YWt8U1AxQS4yMxUSXlJREF3T2pBM09qUTI8IT5VMUF4UVM0eU1UQTRNVElTA4MTIuMDE2LjA5MDkyRJMU1UTXpOREV3ZkZObGJMDI1MTMzNDEwfDIwMjUtMDktMjIgMDA6MDc6NDYM2TkRZKCEpUTI5d2VYSnBaMmgwSU1LcElESXdNalVnVUZRZ1IybHZjMjltZENCVGJXRnlkSEJ5YnlCSmJtUnZibVZ6YVdFZ0NsWmxjbk5wYjI0Z01TNHhMakY4TWpBeU5TMHdPUzB5TWlBd01Eb3dOem8wTm54VFVERkJMakl4TURneE1pNHdNVFl1TURrd09USXdNalV4TXpNME1UQVshXUNvcHlyaWdodCDCqSAyMDI1IFBUIEdpb3NvZnQgU21hcnRwcm8gSW5kb25lc2lhIApWZXJzaW9uIDEuMS4x=
X-REFERENCE:
DATA:


  
[2025-09-22 02:26:56] local.INFO: 
REQUEST : 
POST https://lpdseminyak.biz.id:8000/api/smart/transfer/lpd/post
Content-type:application/json
Authorization:
X-TIMESTAMP:2025-09-17 05:43:27
X-SIGNATURE:ZDA2NTM4MzU0NDYyNjdlYTQ5MjY3NzdjYjkyNTRhMzQ0MWEzM2FkNWY4YWViNzU5YzFiN2ZmNmI0YjdjNTMwOGViNmUwOTZhOTRhNTY3ZTFmNzM2ZDIwMmQ2NzBjOTdiNTVkMzQxMmIwZDk5NDA1ODhmOWY3MTllZmEyY2EzNWY=
X-PARTNER-ID:rShb2HFepijCMC3ervp6TjPIb7wJq5mGTb9yCGfRztFRj1LCwRKXs4C32cbTpy/nOEVaNxQh7FSPAldE/ybIAw==
X-CLIENT-ID:U01ZU2V6G3C7CWtVYO39ZkVGUk0wRXVNalF3T1RFeUxqQXdNUzR4TmpBNU1qQXlOVEEU2VtaW55YWt8QVEzQS4yNDA5MRTNJREExT2pRek9qSTM8IT5RVkV6UVM0eU5EQTVNVTIuMDAxLjE2MDkyRGt5TURJMU1EZ3pNVEkyZkZObMDI1MDgzMTI2fDIwMjUtMDktMTcgMDU6NDM6MjcRE02TWpjKCEpUTI5d2VYSnBaMmgwSU1LcElESXdNalVnVUZRZ1IybHZjMjltZENCVGJXRnlkSEJ5YnlCSmJtUnZibVZ6YVdFZ0NsWmxjbk5wYjI0Z01TNHhMakY4TWpBeU5TMHdPUzB4TnlBd05UbzBNem95TjN4QlVUTkJMakkwTURreE1pNHdNREV1TVRZd09USXdNalV3T0RNeE1qWVshXUNvcHlyaWdodCDCqSAyMDI1IFBUIEdpb3NvZnQgU21hcnRwcm8gSW5kb25lc2lhIApWZXJzaW9uIDEuMS4x=
X-REFERENCE:SMY20430542O461234567
DATA:
{"to_acc":"GyxOcv0r+xlx\/Nvpb3FKkw==","to_name":"JOOs0WPWx59HS+2Dnz8MTg==","from_acc":"yq2Bp91Si3gowoFzDzB4Ew==","from_name":"gssM71MbrAfg\/j2e8bJ3jA==","amount":"aMLSY8OnKLjLfYVm+izr6g==","remark":"yphC9kHoXVSNxsrVuY\/OuazvYE5XzGhNAkTRQTT90FznMk\/8h1asRo6l3bx+Yiu1ALfgwJNhS6sIGmRt4UmtjUqbWzxy5J9J5yN29ExTK5Y="}

  
[2025-09-22 05:48:26] local.INFO: 
REQUEST : 
POST https://lpdseminyak.biz.id:8000/api/smart/transfer/lpd/post
Content-type:application/json
Authorization:
X-TIMESTAMP:2025-09-17 05:43:27
X-SIGNATURE:ZDA2NTM4MzU0NDYyNjdlYTQ5MjY3NzdjYjkyNTRhMzQ0MWEzM2FkNWY4YWViNzU5YzFiN2ZmNmI0YjdjNTMwOGViNmUwOTZhOTRhNTY3ZTFmNzM2ZDIwMmQ2NzBjOTdiNTVkMzQxMmIwZDk5NDA1ODhmOWY3MTllZmEyY2EzNWY=
X-PARTNER-ID:rShb2HFepijCMC3ervp6TjPIb7wJq5mGTb9yCGfRztFRj1LCwRKXs4C32cbTpy/nOEVaNxQh7FSPAldE/ybIAw==
X-CLIENT-ID:U01ZU2V6G3C7CWtVYO39ZkVGUk0wRXVNalF3T1RFeUxqQXdNUzR4TmpBNU1qQXlOVEEU2VtaW55YWt8QVEzQS4yNDA5MRTNJREExT2pRek9qSTM8IT5RVkV6UVM0eU5EQTVNVTIuMDAxLjE2MDkyRGt5TURJMU1EZ3pNVEkyZkZObMDI1MDgzMTI2fDIwMjUtMDktMTcgMDU6NDM6MjcRE02TWpjKCEpUTI5d2VYSnBaMmgwSU1LcElESXdNalVnVUZRZ1IybHZjMjltZENCVGJXRnlkSEJ5YnlCSmJtUnZibVZ6YVdFZ0NsWmxjbk5wYjI0Z01TNHhMakY4TWpBeU5TMHdPUzB4TnlBd05UbzBNem95TjN4QlVUTkJMakkwTURreE1pNHdNREV1TVRZd09USXdNalV3T0RNeE1qWVshXUNvcHlyaWdodCDCqSAyMDI1IFBUIEdpb3NvZnQgU21hcnRwcm8gSW5kb25lc2lhIApWZXJzaW9uIDEuMS4x=
X-REFERENCE:SMY20430542O461234567
DATA:
{"to_acc":"GyxOcv0r+xlx\/Nvpb3FKkw==","to_name":"JOOs0WPWx59HS+2Dnz8MTg==","from_acc":"yq2Bp91Si3gowoFzDzB4Ew==","from_name":"gssM71MbrAfg\/j2e8bJ3jA==","amount":"aMLSY8OnKLjLfYVm+izr6g==","remark":"yphC9kHoXVSNxsrVuY\/OuazvYE5XzGhNAkTRQTT90FznMk\/8h1asRo6l3bx+Yiu1ALfgwJNhS6sIGmRt4UmtjUqbWzxy5J9J5yN29ExTK5Y="}

  
[2025-09-22 05:48:39] local.INFO: 
REQUEST : 
POST https://lpdseminyak.biz.id:8000/api/smart/transfer/lpd/post
Content-type:application/json
Authorization:
X-TIMESTAMP:2025-09-17 05:43:27
X-SIGNATURE:ZDA2NTM4MzU0NDYyNjdlYTQ5MjY3NzdjYjkyNTRhMzQ0MWEzM2FkNWY4YWViNzU5YzFiN2ZmNmI0YjdjNTMwOGViNmUwOTZhOTRhNTY3ZTFmNzM2ZDIwMmQ2NzBjOTdiNTVkMzQxMmIwZDk5NDA1ODhmOWY3MTllZmEyY2EzNWY=
X-PARTNER-ID:rShb2HFepijCMC3ervp6TjPIb7wJq5mGTb9yCGfRztFRj1LCwRKXs4C32cbTpy/nOEVaNxQh7FSPAldE/ybIAw==
X-CLIENT-ID:U01ZU2V6G3C7CWtVYO39ZkVGUk0wRXVNalF3T1RFeUxqQXdNUzR4TmpBNU1qQXlOVEEU2VtaW55YWt8QVEzQS4yNDA5MRTNJREExT2pRek9qSTM8IT5RVkV6UVM0eU5EQTVNVTIuMDAxLjE2MDkyRGt5TURJMU1EZ3pNVEkyZkZObMDI1MDgzMTI2fDIwMjUtMDktMTcgMDU6NDM6MjcRE02TWpjKCEpUTI5d2VYSnBaMmgwSU1LcElESXdNalVnVUZRZ1IybHZjMjltZENCVGJXRnlkSEJ5YnlCSmJtUnZibVZ6YVdFZ0NsWmxjbk5wYjI0Z01TNHhMakY4TWpBeU5TMHdPUzB4TnlBd05UbzBNem95TjN4QlVUTkJMakkwTURreE1pNHdNREV1TVRZd09USXdNalV3T0RNeE1qWVshXUNvcHlyaWdodCDCqSAyMDI1IFBUIEdpb3NvZnQgU21hcnRwcm8gSW5kb25lc2lhIApWZXJzaW9uIDEuMS4x=
X-REFERENCE:SMY20430542O461234567
DATA:
{"to_acc":"GyxOcv0r+xlx\/Nvpb3FKkw==","to_name":"JOOs0WPWx59HS+2Dnz8MTg==","from_acc":"yq2Bp91Si3gowoFzDzB4Ew==","from_name":"gssM71MbrAfg\/j2e8bJ3jA==","amount":"aMLSY8OnKLjLfYVm+izr6g==","remark":"yphC9kHoXVSNxsrVuY\/OuazvYE5XzGhNAkTRQTT90FznMk\/8h1asRo6l3bx+Yiu1ALfgwJNhS6sIGmRt4UmtjUqbWzxy5J9J5yN29ExTK5Y="}

  
[2025-09-22 12:00:26] local.INFO: 
REQUEST : 
POST https://lpdseminyak.biz.id:8000/api/smart/access/token
Content-type:application/json
X-TIMESTAMP:2025-09-22 12:00:31
X-CLIENT-ID:U01ZU2V6H3D7DWtVW[37ZkRBME1FSTRNVEE0TFVJelJrTXROREl4UkMwNU1VVkJMVVl5U2VtaW55YWt8MDQwQjgxMDgESTFMVEE1TFRJeUlERXlPakF3T2pNeDwhPk1EUXdRamtQjNGQy00MjFELTkxRUEtRjI0RE3hSVUV0UmpJMFNBNDNGNEVEfDIwMjUtMDktMjIgMTI6MDA6MzENalV0TURrdE1qSWdNVEk2TURBNk16RSghKVEyOXdlWEpwWjJoMElNS3BJREl3TWpVZ1VGUWdSMmx2YzI5bWRDQlRiV0Z5ZEhCeWJ5QkpibVJ2Ym1WemFXRWdDbFpsY25OcGIyNGdNUzR4TGpGOE1qQXlOUzB3T1MweU1pQXhNam93TURvek1Yd3dOREJDT0RFd09DMUNNMFpETFRReU1VUXRPVEZGUVMxR01qUkVRMEUwTTBZMFJVUVshXUNvcHlyaWdodCDCqSAyMDI1IFBUIEdpb3NvZnQgU21hcnRwcm8gSW5kb25lc2lhIApWZXJzaW9uIDEuMS4x=
X-SIGNATURE:VTl1vRafMrzsfs6l+3BCjoePK0+L8kl53alhtjnQ9TxoM2EkjrM0YnNhSMccerZVrQXJReXOAG/Sh+sc2epYxmFM8ne6YNH1wU/7KDAlst1r3eW5/FV6O4afoNC1lijnYa85uv1VQhP3TUIPUtCiuvdfuBYCd/pqVH0JI3XInnv9+h54eNdxc8yD4C7y+0oEt4AMGkvgwXyvnE5XquyRp2JAfyv5so4na28QPmqTCAH3zkyHGMhOVEEqMmPtIEPQUR+5ajpvazJ0cSRJ+7467CkieniALWABGThiQwAw4xWLLZtAvHc/knaN5m13ktqKUQ1stxnevzVVKd0VwfT0rA==
DATA:
{"credential":"{get-token}"}

  
[2025-09-22 12:00:40] local.INFO: 
REQUEST : 
POST https://lpdseminyak.biz.id:8000/api/smart/access/login
Content-type:application/json
Authorization:
X-TIMESTAMP:2025-09-22 12:00:46
X-SIGNATURE:MWE1ZDhlMTkyZmYzODdlYTE4NTE3ZDQ3YzI5MzQwZjUyNTBmZDM5ZTk0Zjg4MWQ4NDU4ZTAwZmIxNjVlN2ZjNjFkOTFjNTczNjUyMmNmNzM5MzNmM2QyZmI0OTUxNjU2YzAxYTdlYTdhZTk1MmU0NTg2NTgyZGQxZWRkNzhlNzc=
X-PARTNER-ID:smWJp3lzQs2DMDrPHlpEU3nM+MqQtlhyb+AqIO8CUFA/33LFmzboUHr8ZjEZoufy8q/qJJc/lMB/cEglUjGt5w==
X-CLIENT-ID:U01ZU2V6I3E7EWtVUS47ZkRBME1FSTRNVEE0TFVJelJrTXROREl4UkMwNU1VVkJMVVl5TU2VtaW55YWt8MDQwQjgxM1ESTFMVEE1TFRJeUlERXlPakF3T2pRMjwhPk1EUXdRamdDgtQjNGQy00MjFELTkxpGRUxUa3hSVUV0UmpJMFJRUEtRjI0RENBNDNGNEVEfDIwMjUtMDktMjIgMTI6MDA6NDY1qSWdNVEk2TURBNk5EWSghKVEyOXdlWEpwWjJoMElNS3BJREl3TWpVZ1VGUWdSMmx2YzI5bWRDQlRiV0Z5ZEhCeWJ5QkpibVJ2Ym1WemFXRWdDbFpsY25OcGIyNGdNUzR4TGpGOE1qQXlOUzB3T1MweU1pQXhNam93TURvME5ud3dOREJDT0RFd09DMUNNMFpETFRReU1VUXRPVEZGUVMxR01qUkVRMEUwTTBZMFJVUVshXUNvcHlyaWdodCDCqSAyMDI1IFBUIEdpb3NvZnQgU21hcnRwcm8gSW5kb25lc2lhIApWZXJzaW9uIDEuMS4x=
X-REFERENCE:
DATA:
{"user_name":"ab1b96cab73f21734eba3e596efe14c6","user_pass":"a1c25d182077a3188a5d1f526a6ffc01"}

  
[2025-09-22 12:00:42] local.INFO: 
REQUEST : 
POST https://lpdseminyak.biz.id:8000/api/smart/tabungan/mutasi-history
Content-type:application/json
Authorization:
X-TIMESTAMP:2025-09-22 12:00:47
X-SIGNATURE:MWE1ZDhlMTkyZmYzODdlYTE4NTE3ZDQ3YzI5MzQwZjUyNTBmZDM5ZTk0Zjg4MWQ4NDU4ZTAwZmIxNjVlN2ZjNjFkOTFjNTczNjUyMmNmNzM5MzNmM2QyZmI0OTUxNjU2YzAxYTdlYTdhZTk1MmU0NTg2NTgyZGQxZWRkNzhlNzc=
X-PARTNER-ID:HJ6Baiv+wYPFLro5vUJrpuK6Dg7QPtFwRBXvXF7FJBjkzW/Nw3glBxeXCpPSOl4v45+e2Pi73ooIvjRsvFcK0A==
X-CLIENT-ID:U01ZU2V6I3E7EWtVUS47ZkRBME1FSTRNVEE0TFVJelJrTXROREl4UkMwNU1VVkJMVVl5TU2VtaW55YWt8MDQwQjgxM1ESTFMVEE1TFRJeUlERXlPakF3T2pRMzwhPk1EUXdRamdDgtQjNGQy00MjFELTkxpGRUxUa3hSVUV0UmpJMFJRUEtRjI0RENBNDNGNEVEfDIwMjUtMDktMjIgMTI6MDA6NDc1qSWdNVEk2TURBNk5EYyghKVEyOXdlWEpwWjJoMElNS3BJREl3TWpVZ1VGUWdSMmx2YzI5bWRDQlRiV0Z5ZEhCeWJ5QkpibVJ2Ym1WemFXRWdDbFpsY25OcGIyNGdNUzR4TGpGOE1qQXlOUzB3T1MweU1pQXhNam93TURvME4zd3dOREJDT0RFd09DMUNNMFpETFRReU1VUXRPVEZGUVMxR01qUkVRMEUwTTBZMFJVUVshXUNvcHlyaWdodCDCqSAyMDI1IFBUIEdpb3NvZnQgU21hcnRwcm8gSW5kb25lc2lhIApWZXJzaW9uIDEuMS4x=
X-REFERENCE:
DATA:
{"customer_id":"9mHaNmLTI7bNLGv4aY6huw=="}

  
[2025-09-22 12:00:57] local.INFO: 
REQUEST : 
POST https://lpdseminyak.biz.id:8000/api/smart/transfer/bank/check
Content-type:application/json
Authorization:
X-TIMESTAMP:2025-09-22 12:01:02
X-SIGNATURE:MWE1ZDhlMTkyZmYzODdlYTE4NTE3ZDQ3YzI5MzQwZjUyNTBmZDM5ZTk0Zjg4MWQ4NDU4ZTAwZmIxNjVlN2ZjNjFkOTFjNTczNjUyMmNmNzM5MzNmM2QyZmI0OTUxNjU2YzAxYTdlYTdhZTk1MmU0NTg2NTgyZGQxZWRkNzhlNzc=
X-PARTNER-ID:z5mFfxasE7ZLKHOBrtRu9FYi21MkcW0EJX6OeppVCMfFvqZsE8rRuEk4tqsOLtwDlj6gsi+YWuOwcBqJp1r2ag==
X-CLIENT-ID:U01ZU2V6E3A7AWtV]K47ZkRBME1FSTRNVEE0TFVJelJrTXROREl4UkMwNU1VVkJMVU2VtaW55YWt8MDQwQjgxMDgtQjNGQFMVEE1TFRJeUlERXlPakF4T2pBeTwhPk1EUXdy00MjFELTkxFqTkdReTAwTWpGRUxUa3hSVUV0UmpRUEtRjI0RENBNDNGNEVEfDIwMjUtMDktMjIgMTI6MDE6MDIRrdE1qSWdNVEk2TURFNk1ESSghKVEyOXdlWEpwWjJoMElNS3BJREl3TWpVZ1VGUWdSMmx2YzI5bWRDQlRiV0Z5ZEhCeWJ5QkpibVJ2Ym1WemFXRWdDbFpsY25OcGIyNGdNUzR4TGpGOE1qQXlOUzB3T1MweU1pQXhNam93TVRvd01ud3dOREJDT0RFd09DMUNNMFpETFRReU1VUXRPVEZGUVMxR01qUkVRMEUwTTBZMFJVUVshXUNvcHlyaWdodCDCqSAyMDI1IFBUIEdpb3NvZnQgU21hcnRwcm8gSW5kb25lc2lhIApWZXJzaW9uIDEuMS4x=
X-REFERENCE:SMY0201121O5470222509
DATA:
{"from_acc":"8mS2tCWQuz9l6eyj1Wuyiw==","to_acc":"v3FtWEgEXoAd9byDrQr5nOEWXlhpoUM1qqnSFeTtjQ03UD20bpkBOLRlZDyA/3mQVhgdniDxLZbt5MQxDPh8wzMwOeVKpmBc4OuKh5Msyss=","amount":"boMcPwbHM5UX6czs3Rxv2g==","date_time":"PazcKcZTxY566NdwT7yu18WyBm45/oqQsnuQyGfZVYc=","hash_code":"JPRttzcf2ZrgXYKfejWoJ/j/4zGS/iRoTPFcgxqdErI8/LRDjnyeZRedZP/yDnKyfXYphR3gZ4480FgldKifWALEhBX7qkNeB40jZwBiVwM=","remark":""}

  
[2025-09-22 12:01:00] local.INFO: 
REQUEST : 
POST https://lpdseminyak.biz.id:8000/api/smart/transfer/bank/check
Content-type:application/json
Authorization:
X-TIMESTAMP:2025-09-22 12:01:05
X-SIGNATURE:MWE1ZDhlMTkyZmYzODdlYTE4NTE3ZDQ3YzI5MzQwZjUyNTBmZDM5ZTk0Zjg4MWQ4NDU4ZTAwZmIxNjVlN2ZjNjFkOTFjNTczNjUyMmNmNzM5MzNmM2QyZmI0OTUxNjU2YzAxYTdlYTdhZTk1MmU0NTg2NTgyZGQxZWRkNzhlNzc=
X-PARTNER-ID:SNlPpMbdizcGHAT27+IRZkuQIstv5adr+5lQ5hcM0GL17ZNoUMkcAyezcmRB55HoelPfRbjXn8wM6JRrg9ryvw==
X-CLIENT-ID:U01ZU2V6E3A7AWtV]K47ZkRBME1FSTRNVEE0TFVJelJrTXROREl4UkMwNU1VVkJMVU2VtaW55YWt8MDQwQjgxMDgtQjNGQFMVEE1TFRJeUlERXlPakF4T2pBMTwhPk1EUXdy00MjFELTkxFqTkdReTAwTWpGRUxUa3hSVUV0UmpRUEtRjI0RENBNDNGNEVEfDIwMjUtMDktMjIgMTI6MDE6MDURrdE1qSWdNVEk2TURFNk1EVSghKVEyOXdlWEpwWjJoMElNS3BJREl3TWpVZ1VGUWdSMmx2YzI5bWRDQlRiV0Z5ZEhCeWJ5QkpibVJ2Ym1WemFXRWdDbFpsY25OcGIyNGdNUzR4TGpGOE1qQXlOUzB3T1MweU1pQXhNam93TVRvd05Yd3dOREJDT0RFd09DMUNNMFpETFRReU1VUXRPVEZGUVMxR01qUkVRMEUwTTBZMFJVUVshXUNvcHlyaWdodCDCqSAyMDI1IFBUIEdpb3NvZnQgU21hcnRwcm8gSW5kb25lc2lhIApWZXJzaW9uIDEuMS4x=
X-REFERENCE:SMY0501121O5540222509
DATA:
{"from_acc":"8mS2tCWQuz9l6eyj1Wuyiw==","to_acc":"OAJzMJ0O+WYT6y+zkqhkJFNcV0V5PoDW0E2SaT27gTpCQlyxRHvwmHzK0+zR5Rq9HtGoYMpuS6srkyAweUi8EEYzR3wEAeZY/9xHCy3ofXw=","amount":"boMcPwbHM5UX6czs3Rxv2g==","date_time":"PazcKcZTxY566NdwT7yu10pz0OSUOjydx5kSkrh0qAQ=","hash_code":"rqAwdGbj4pUZC0IH33/+TKcion3vYSRRX4jOJ/Okr60S73ex4DVQYNiU6yc5mDGDyeJruRXIHXq4C02hU6g75UNvvXy/JvScHrmQ3up52VE=","remark":""}

  
[2025-09-22 12:57:03] local.INFO: 
REQUEST : 
POST https://lpdseminyak.biz.id:8000/api/smart/access/token
Content-type:application/json
X-TIMESTAMP:2025-09-22 12:57:06
X-CLIENT-ID:U01ZU2V6E3A7AWtV]K39ZkZOUU1VRXVNakV3T0RFeUxqQXhOaTR3T1RBNU1qQXlOVU2VtaW55YWt8U1AxQS4yMTA4MTIuMlJREV5T2pVM09qQTI8IT5VMUF4UVM0eU1UQTRDE2LjA5MDkyxqQTVNRGt5TURJMU1UTXpOREV3ZkZMDI1MTMzNDEwfDIwMjUtMDktMjIgMTI6NTc6MDYZOVGM2TURZKCEpUTI5d2VYSnBaMmgwSU1LcElESXdNalVnVUZRZ1IybHZjMjltZENCVGJXRnlkSEJ5YnlCSmJtUnZibVZ6YVdFZ0NsWmxjbk5wYjI0Z01TNHhMakY4TWpBeU5TMHdPUzB5TWlBeE1qbzFOem93Tm54VFVERkJMakl4TURneE1pNHdNVFl1TURrd09USXdNalV4TXpNME1UQVshXUNvcHlyaWdodCDCqSAyMDI1IFBUIEdpb3NvZnQgU21hcnRwcm8gSW5kb25lc2lhIApWZXJzaW9uIDEuMS4x=
X-SIGNATURE:OaG4spafKN2+bJhvGmFmx8aSfSCHQskJWuROPpSkuDEKTZo+HRD8MHnbiyd/BVdwopukWy/atDE9sKe7Dm9V8ERzZVmtsJ9GUVpMPB/rudAu1ZCBcGWAjnwArfZrXhlfU/v+EhK0yoR6gZd1tVCtOl97y6+jAXCzDs7ktREA79LPj4fSwLILlOcTAxfudKQDYKMGvLthXQVy0u07Im7FXSZ06E50pXWcwca7fUDis34urx7AHcAS4ULd3IKU/T+TTej5+WTh+Q7b6HytAZTcWW804v2eimJINgd28XRbTlFJLMTzikoj4r8n23qZgt6HcVELAoBQ3/04COfbPAHZCw==
DATA:
{"credential":"{get-token}"}

  
[2025-09-22 12:57:09] local.INFO: 
REQUEST : 
POST https://lpdseminyak.biz.id:8000/api/smart/access/login
Content-type:application/json
Authorization:
X-TIMESTAMP:2025-09-22 12:57:13
X-SIGNATURE:ZjhhMDViYTBkNzE0YTYxMGNjY2ZlYzFlY2ZlODVkZmI4NTNiMjgxZmExYWYyODhmNWQ0ZTZmNTI1NWI5NzhjMGZkYjdjZWEyN2E5NjA2NWYxNGNmZjg1NDU3YWI1MjljMDc1MDU1MDRlMDc1MmY0Zjg4ZThkYTE5MDhiMTNjZjE=
X-PARTNER-ID:arL3Zwn4xYSc5o8JCPjDn/hKu6s2L9a0OTR1JmSvhXW6Uy9vJFKsUhrajp4+h6ghFsKi5/MvgTa3TDhOsezVJA==
X-CLIENT-ID:U01ZU2V6F3B7BWtV[M39ZkZOUU1VRXVNakV3T0RFeUxqQXhOaTR3T1RBNU1qQXlOVEU2VtaW55YWt8U1AxQS4yMTA4MTIXlJREV5T2pVM09qRXo8IT5VMUF4UVM0eU1UQTRNuMDE2LjA5MDkyTVNRGt5TURJMU1UTXpOREV3ZkZOMDI1MTMzNDEwfDIwMjUtMDktMjIgMTI6NTc6MTMOVGM2TVRNKCEpUTI5d2VYSnBaMmgwSU1LcElESXdNalVnVUZRZ1IybHZjMjltZENCVGJXRnlkSEJ5YnlCSmJtUnZibVZ6YVdFZ0NsWmxjbk5wYjI0Z01TNHhMakY4TWpBeU5TMHdPUzB5TWlBeE1qbzFOem94TTN4VFVERkJMakl4TURneE1pNHdNVFl1TURrd09USXdNalV4TXpNME1UQVshXUNvcHlyaWdodCDCqSAyMDI1IFBUIEdpb3NvZnQgU21hcnRwcm8gSW5kb25lc2lhIApWZXJzaW9uIDEuMS4x=
X-REFERENCE:
DATA:
{"user_name":"6194e572d0688b5a999e546766307b52","user_pass":"54a7826dff55fa672451f066c5289d27"}

  
[2025-09-22 12:57:12] local.INFO: 
REQUEST : 
POST https://lpdseminyak.biz.id:8000/api/smart/tabungan/mutasi-history
Content-type:application/json
Authorization:
X-TIMESTAMP:2025-09-22 12:57:17
X-SIGNATURE:ZjhhMDViYTBkNzE0YTYxMGNjY2ZlYzFlY2ZlODVkZmI4NTNiMjgxZmExYWYyODhmNWQ0ZTZmNTI1NWI5NzhjMGZkYjdjZWEyN2E5NjA2NWYxNGNmZjg1NDU3YWI1MjljMDc1MDU1MDRlMDc1MmY0Zjg4ZThkYTE5MDhiMTNjZjE=
X-PARTNER-ID:zuPDTCMKMJqW4TxSz5JYInQ0dgga2lqB76woA2P5bcUjArV3pHSeZHKXQWqGBBn6roXrjadL0INEDklpCGEm9Q==
X-CLIENT-ID:U01ZU2V6F3B7BWtV[M39ZkZOUU1VRXVNakV3T0RFeUxqQXhOaTR3T1RBNU1qQXlOVEU2VtaW55YWt8U1AxQS4yMTA4MTIXlJREV5T2pVM09qRTM8IT5VMUF4UVM0eU1UQTRNuMDE2LjA5MDkyTVNRGt5TURJMU1UTXpOREV3ZkZOMDI1MTMzNDEwfDIwMjUtMDktMjIgMTI6NTc6MTcOVGM2TVRjKCEpUTI5d2VYSnBaMmgwSU1LcElESXdNalVnVUZRZ1IybHZjMjltZENCVGJXRnlkSEJ5YnlCSmJtUnZibVZ6YVdFZ0NsWmxjbk5wYjI0Z01TNHhMakY4TWpBeU5TMHdPUzB5TWlBeE1qbzFOem94TjN4VFVERkJMakl4TURneE1pNHdNVFl1TURrd09USXdNalV4TXpNME1UQVshXUNvcHlyaWdodCDCqSAyMDI1IFBUIEdpb3NvZnQgU21hcnRwcm8gSW5kb25lc2lhIApWZXJzaW9uIDEuMS4x=
X-REFERENCE:
DATA:
{"customer_id":"fBqL4BNtcgxl6Al2k8Wggg=="}

  
[2025-09-22 15:45:59] local.INFO: 
REQUEST : 
POST https://lpdseminyak.biz.id:8000/api/smart/access/token
Content-type:application/json
X-TIMESTAMP:2025-09-22 15:46:02
X-CLIENT-ID:U01ZU2V6E3A7AWtV]K39ZkVGUk0wRXVNalF3T1RFeUxqQXdNUzR4TmpBNU1qQXlOVU2VtaW55YWt8QVEzQS4yNDA5MTIuMlJREUxT2pRMk9qQXk8IT5RVkV6UVM0eU5EQTVDAxLjE2MDkyxqRTJNRGt5TURJMU1EZ3pNVEkyZkZMDI1MDgzMTI2fDIwMjUtMDktMjIgMTU6NDY6MDIZORFk2TURJKCEpUTI5d2VYSnBaMmgwSU1LcElESXdNalVnVUZRZ1IybHZjMjltZENCVGJXRnlkSEJ5YnlCSmJtUnZibVZ6YVdFZ0NsWmxjbk5wYjI0Z01TNHhMakY4TWpBeU5TMHdPUzB5TWlBeE5UbzBOam93TW54QlVUTkJMakkwTURreE1pNHdNREV1TVRZd09USXdNalV3T0RNeE1qWVshXUNvcHlyaWdodCDCqSAyMDI1IFBUIEdpb3NvZnQgU21hcnRwcm8gSW5kb25lc2lhIApWZXJzaW9uIDEuMS4x=
X-SIGNATURE:adFefWv5sNchHlLblVzhjFqqedhCkpliUnRT/gNnomTX4PJgXJkNsVXiXCcZQNiFp2vfMD3r74osDAF5iYcqltq9WpxRMhB8t+C+PYWYEFhAXqkF2ROixH/yY8SP1+ivcHKt++AvkJdfNXulou9k4u93Dgwfy3gYfsFDbB1DePFxv6+er3sX7PnwlubXKUICMVRT62bz2h1Quuz0R0bGJhHs5c18uUspraI0P8iuMqOB8axToV0ggrwkkTWiBUc8qQH8lAFWLXT/nbQJ5auKWeMZnwQpod+g33dUDkHjjCfK51TeMT5kYYdOhpW+W7gQBuJn1/yscgeW/+V813C28g==
DATA:
{"credential":"{get-token}"}

  
[2025-09-22 15:46:06] local.INFO: 
REQUEST : 
POST https://lpdseminyak.biz.id:8000/api/smart/access/login
Content-type:application/json
Authorization:
X-TIMESTAMP:2025-09-22 15:46:11
X-SIGNATURE:ZDA2NTM4MzU0NDYyNjdlYTQ5MjY3NzdjYjkyNTRhMzQ0MWEzM2FkNWY4YWViNzU5YzFiN2ZmNmI0YjdjNTMwOGViNmUwOTZhOTRhNTY3ZTFmNzM2ZDIwMmQ2NzBjOTdiNTVkMzQxMmIwZDk5NDA1ODhmOWY3MTllZmEyY2EzNWY=
X-PARTNER-ID:s2NVVM6aLme8CDQ3epIYpnIdCx9IxlldmeH70EuevNIYe51MT30lEJkkaxiSx5T5R880Z3hWM0l1yrDUIMUARg==
X-CLIENT-ID:U01ZU2V6F3B7BWtV[M39ZkVGUk0wRXVNalF3T1RFeUxqQXdNUzR4TmpBNU1qQXlOVEU2VtaW55YWt8QVEzQS4yNDA5MTIXlJREUxT2pRMk9qRXg8IT5RVkV6UVM0eU5EQTVNuMDAxLjE2MDkyTJNRGt5TURJMU1EZ3pNVEkyZkZOMDI1MDgzMTI2fDIwMjUtMDktMjIgMTU6NDY6MTEORFk2TVRFKCEpUTI5d2VYSnBaMmgwSU1LcElESXdNalVnVUZRZ1IybHZjMjltZENCVGJXRnlkSEJ5YnlCSmJtUnZibVZ6YVdFZ0NsWmxjbk5wYjI0Z01TNHhMakY4TWpBeU5TMHdPUzB5TWlBeE5UbzBOam94TVh4QlVUTkJMakkwTURreE1pNHdNREV1TVRZd09USXdNalV3T0RNeE1qWVshXUNvcHlyaWdodCDCqSAyMDI1IFBUIEdpb3NvZnQgU21hcnRwcm8gSW5kb25lc2lhIApWZXJzaW9uIDEuMS4x=
X-REFERENCE:
DATA:
{"user_name":"0264391c340e4d3cbba430cee7836eaf","user_pass":"82ad80c4235643f1fcff338e131850b4"}

  
[2025-09-22 15:46:08] local.INFO: 
REQUEST : 
POST https://lpdseminyak.biz.id:8000/api/smart/tabungan/mutasi-history
Content-type:application/json
Authorization:
X-TIMESTAMP:2025-09-22 15:46:13
X-SIGNATURE:ZDA2NTM4MzU0NDYyNjdlYTQ5MjY3NzdjYjkyNTRhMzQ0MWEzM2FkNWY4YWViNzU5YzFiN2ZmNmI0YjdjNTMwOGViNmUwOTZhOTRhNTY3ZTFmNzM2ZDIwMmQ2NzBjOTdiNTVkMzQxMmIwZDk5NDA1ODhmOWY3MTllZmEyY2EzNWY=
X-PARTNER-ID:LiKlUaW4TuiXX3L6FQ3Tbagfq7pukH8TcXK8S1CDl5Cn/3xXLIgrLRDLzbDd/djj57UVVcf+/PKNnZ3q++jCqw==
X-CLIENT-ID:U01ZU2V6F3B7BWtV[M39ZkVGUk0wRXVNalF3T1RFeUxqQXdNUzR4TmpBNU1qQXlOVEU2VtaW55YWt8QVEzQS4yNDA5MTIXlJREUxT2pRMk9qRXo8IT5RVkV6UVM0eU5EQTVNuMDAxLjE2MDkyTJNRGt5TURJMU1EZ3pNVEkyZkZOMDI1MDgzMTI2fDIwMjUtMDktMjIgMTU6NDY6MTMORFk2TVRNKCEpUTI5d2VYSnBaMmgwSU1LcElESXdNalVnVUZRZ1IybHZjMjltZENCVGJXRnlkSEJ5YnlCSmJtUnZibVZ6YVdFZ0NsWmxjbk5wYjI0Z01TNHhMakY4TWpBeU5TMHdPUzB5TWlBeE5UbzBOam94TTN4QlVUTkJMakkwTURreE1pNHdNREV1TVRZd09USXdNalV3T0RNeE1qWVshXUNvcHlyaWdodCDCqSAyMDI1IFBUIEdpb3NvZnQgU21hcnRwcm8gSW5kb25lc2lhIApWZXJzaW9uIDEuMS4x=
X-REFERENCE:
DATA:
{"customer_id":"q2yri8e1ZvMka5hzY2NkYA=="}

  
[2025-09-22 15:46:12] local.INFO: 
REQUEST : 
POST https://lpdseminyak.biz.id:8000/api/smart/access/logout
Content-type:application/json
Authorization:
X-TIMESTAMP:2025-09-22 15:46:17
X-SIGNATURE:ZDA2NTM4MzU0NDYyNjdlYTQ5MjY3NzdjYjkyNTRhMzQ0MWEzM2FkNWY4YWViNzU5YzFiN2ZmNmI0YjdjNTMwOGViNmUwOTZhOTRhNTY3ZTFmNzM2ZDIwMmQ2NzBjOTdiNTVkMzQxMmIwZDk5NDA1ODhmOWY3MTllZmEyY2EzNWY=
X-PARTNER-ID:SCPGm+GuK+o/uXkqTLVD2uUC6syaynXNSiJdLzbmO319K6Ib4OAuW1PT8g9ymFjvEXv89cyA3txt/84+vPaK7g==
X-CLIENT-ID:U01ZU2V6F3B7BWtV[M39ZkVGUk0wRXVNalF3T1RFeUxqQXdNUzR4TmpBNU1qQXlOVEU2VtaW55YWt8QVEzQS4yNDA5MTIXlJREUxT2pRMk9qRTM8IT5RVkV6UVM0eU5EQTVNuMDAxLjE2MDkyTJNRGt5TURJMU1EZ3pNVEkyZkZOMDI1MDgzMTI2fDIwMjUtMDktMjIgMTU6NDY6MTcORFk2TVRjKCEpUTI5d2VYSnBaMmgwSU1LcElESXdNalVnVUZRZ1IybHZjMjltZENCVGJXRnlkSEJ5YnlCSmJtUnZibVZ6YVdFZ0NsWmxjbk5wYjI0Z01TNHhMakY4TWpBeU5TMHdPUzB5TWlBeE5UbzBOam94TjN4QlVUTkJMakkwTURreE1pNHdNREV1TVRZd09USXdNalV3T0RNeE1qWVshXUNvcHlyaWdodCDCqSAyMDI1IFBUIEdpb3NvZnQgU21hcnRwcm8gSW5kb25lc2lhIApWZXJzaW9uIDEuMS4x=
X-REFERENCE:
DATA:


  
[2026-04-22 01:21:33] local.ERROR: could not find driver {"exception":"[object] (PDOException(code: 0): could not find driver at /home/user/webapp/lpd_seminyak/vendor/laravel/framework/src/Illuminate/Database/Connectors/Connector.php:67)
[stacktrace]
#0 /home/user/webapp/lpd_seminyak/vendor/laravel/framework/src/Illuminate/Database/Connectors/Connector.php(67): PDO->__construct()
#1 /home/user/webapp/lpd_seminyak/vendor/laravel/framework/src/Illuminate/Database/Connectors/Connector.php(43): Illuminate\\Database\\Connectors\\Connector->createPdoConnection()
#2 /home/user/webapp/lpd_seminyak/vendor/laravel/framework/src/Illuminate/Database/Connectors/SqlServerConnector.php(32): Illuminate\\Database\\Connectors\\Connector->createConnection()
#3 /home/user/webapp/lpd_seminyak/vendor/laravel/framework/src/Illuminate/Database/Connectors/ConnectionFactory.php(183): Illuminate\\Database\\Connectors\\SqlServerConnector->connect()
#4 [internal function]: Illuminate\\Database\\Connectors\\ConnectionFactory->Illuminate\\Database\\Connectors\\{closure}()
#5 /home/user/webapp/lpd_seminyak/vendor/laravel/framework/src/Illuminate/Database/Connection.php(915): call_user_func()
#6 /home/user/webapp/lpd_seminyak/app/Http/Controllers/SNAPTransferIn.php(16): Illuminate\\Database\\Connection->getPdo()
#7 [internal function]: App\\Http\\Controllers\\SNAPTransferIn->__construct()
#8 /home/user/webapp/lpd_seminyak/vendor/laravel/framework/src/Illuminate/Container/Container.php(785): ReflectionClass->newInstanceArgs()
#9 /home/user/webapp/lpd_seminyak/vendor/laravel/framework/src/Illuminate/Container/Container.php(631): Illuminate\\Container\\Container->build()
#10 /home/user/webapp/lpd_seminyak/vendor/laravel/framework/src/Illuminate/Container/Container.php(586): Illuminate\\Container\\Container->resolve()
#11 /home/user/webapp/lpd_seminyak/vendor/laravel/framework/src/Illuminate/Foundation/Application.php(732): Illuminate\\Container\\Container->make()
#12 /home/user/webapp/lpd_seminyak/vendor/laravel/framework/src/Illuminate/Routing/Route.php(226): Illuminate\\Foundation\\Application->make()
#13 /home/user/webapp/lpd_seminyak/vendor/laravel/framework/src/Illuminate/Routing/Route.php(796): Illuminate\\Routing\\Route->getController()
#14 /home/user/webapp/lpd_seminyak/vendor/laravel/framework/src/Illuminate/Routing/Route.php(757): Illuminate\\Routing\\Route->controllerMiddleware()
#15 /home/user/webapp/lpd_seminyak/vendor/laravel/framework/src/Illuminate/Foundation/Console/RouteListCommand.php(151): Illuminate\\Routing\\Route->gatherMiddleware()
#16 /home/user/webapp/lpd_seminyak/vendor/laravel/framework/src/Illuminate/Foundation/Console/RouteListCommand.php(114): Illuminate\\Foundation\\Console\\RouteListCommand->getMiddleware()
#17 /home/user/webapp/lpd_seminyak/vendor/laravel/framework/src/Illuminate/Foundation/Console/RouteListCommand.php(86): Illuminate\\Foundation\\Console\\RouteListCommand->getRouteInformation()
#18 [internal function]: Illuminate\\Foundation\\Console\\RouteListCommand->Illuminate\\Foundation\\Console\\{closure}()
#19 /home/user/webapp/lpd_seminyak/vendor/laravel/framework/src/Illuminate/Support/Collection.php(861): array_map()
#20 /home/user/webapp/lpd_seminyak/vendor/laravel/framework/src/Illuminate/Foundation/Console/RouteListCommand.php(87): Illuminate\\Support\\Collection->map()
#21 /home/user/webapp/lpd_seminyak/vendor/laravel/framework/src/Illuminate/Foundation/Console/RouteListCommand.php(75): Illuminate\\Foundation\\Console\\RouteListCommand->getRoutes()
#22 [internal function]: Illuminate\\Foundation\\Console\\RouteListCommand->handle()
#23 /home/user/webapp/lpd_seminyak/vendor/laravel/framework/src/Illuminate/Container/BoundMethod.php(29): call_user_func_array()
#24 /home/user/webapp/lpd_seminyak/vendor/laravel/framework/src/Illuminate/Container/BoundMethod.php(87): Illuminate\\Container\\BoundMethod::Illuminate\\Container\\{closure}()
#25 /home/user/webapp/lpd_seminyak/vendor/laravel/framework/src/Illuminate/Container/BoundMethod.php(31): Illuminate\\Container\\BoundMethod::callBoundMethod()
#26 /home/user/webapp/lpd_seminyak/vendor/laravel/framework/src/Illuminate/Container/Container.php(549): Illuminate\\Container\\BoundMethod::call()
#27 /home/user/webapp/lpd_seminyak/vendor/laravel/framework/src/Illuminate/Console/Command.php(183): Illuminate\\Container\\Container->call()
#28 /home/user/webapp/lpd_seminyak/vendor/symfony/console/Command/Command.php(255): Illuminate\\Console\\Command->execute()
#29 /home/user/webapp/lpd_seminyak/vendor/laravel/framework/src/Illuminate/Console/Command.php(170): Symfony\\Component\\Console\\Command\\Command->run()
#30 /home/user/webapp/lpd_seminyak/vendor/symfony/console/Application.php(992): Illuminate\\Console\\Command->run()
#31 /home/user/webapp/lpd_seminyak/vendor/symfony/console/Application.php(255): Symfony\\Component\\Console\\Application->doRunCommand()
#32 /home/user/webapp/lpd_seminyak/vendor/symfony/console/Application.php(148): Symfony\\Component\\Console\\Application->doRun()
#33 /home/user/webapp/lpd_seminyak/vendor/laravel/framework/src/Illuminate/Console/Application.php(88): Symfony\\Component\\Console\\Application->run()
#34 /home/user/webapp/lpd_seminyak/vendor/laravel/framework/src/Illuminate/Foundation/Console/Kernel.php(121): Illuminate\\Console\\Application->run()
#35 /home/user/webapp/lpd_seminyak/artisan(37): Illuminate\\Foundation\\Console\\Kernel->handle()
#36 {main}
"} 
[2026-04-22 01:21:33] local.ERROR: could not find driver {"exception":"[object] (PDOException(code: 0): could not find driver at /home/user/webapp/lpd_seminyak/vendor/laravel/framework/src/Illuminate/Database/Connectors/Connector.php:67)
[stacktrace]
#0 /home/user/webapp/lpd_seminyak/vendor/laravel/framework/src/Illuminate/Database/Connectors/Connector.php(67): PDO->__construct()
#1 /home/user/webapp/lpd_seminyak/vendor/laravel/framework/src/Illuminate/Database/Connectors/Connector.php(43): Illuminate\\Database\\Connectors\\Connector->createPdoConnection()
#2 /home/user/webapp/lpd_seminyak/vendor/laravel/framework/src/Illuminate/Database/Connectors/SqlServerConnector.php(32): Illuminate\\Database\\Connectors\\Connector->createConnection()
#3 /home/user/webapp/lpd_seminyak/vendor/laravel/framework/src/Illuminate/Database/Connectors/ConnectionFactory.php(183): Illuminate\\Database\\Connectors\\SqlServerConnector->connect()
#4 [internal function]: Illuminate\\Database\\Connectors\\ConnectionFactory->Illuminate\\Database\\Connectors\\{closure}()
#5 /home/user/webapp/lpd_seminyak/vendor/laravel/framework/src/Illuminate/Database/Connection.php(915): call_user_func()
#6 /home/user/webapp/lpd_seminyak/app/Http/Controllers/SNAPTransferIn.php(16): Illuminate\\Database\\Connection->getPdo()
#7 [internal function]: App\\Http\\Controllers\\SNAPTransferIn->__construct()
#8 /home/user/webapp/lpd_seminyak/vendor/laravel/framework/src/Illuminate/Container/Container.php(785): ReflectionClass->newInstanceArgs()
#9 /home/user/webapp/lpd_seminyak/vendor/laravel/framework/src/Illuminate/Container/Container.php(631): Illuminate\\Container\\Container->build()
#10 /home/user/webapp/lpd_seminyak/vendor/laravel/framework/src/Illuminate/Container/Container.php(586): Illuminate\\Container\\Container->resolve()
#11 /home/user/webapp/lpd_seminyak/vendor/laravel/framework/src/Illuminate/Foundation/Application.php(732): Illuminate\\Container\\Container->make()
#12 /home/user/webapp/lpd_seminyak/vendor/laravel/framework/src/Illuminate/Routing/Route.php(226): Illuminate\\Foundation\\Application->make()
#13 /home/user/webapp/lpd_seminyak/vendor/laravel/framework/src/Illuminate/Routing/Route.php(796): Illuminate\\Routing\\Route->getController()
#14 /home/user/webapp/lpd_seminyak/vendor/laravel/framework/src/Illuminate/Routing/Route.php(757): Illuminate\\Routing\\Route->controllerMiddleware()
#15 /home/user/webapp/lpd_seminyak/vendor/laravel/framework/src/Illuminate/Foundation/Console/RouteListCommand.php(151): Illuminate\\Routing\\Route->gatherMiddleware()
#16 /home/user/webapp/lpd_seminyak/vendor/laravel/framework/src/Illuminate/Foundation/Console/RouteListCommand.php(114): Illuminate\\Foundation\\Console\\RouteListCommand->getMiddleware()
#17 /home/user/webapp/lpd_seminyak/vendor/laravel/framework/src/Illuminate/Foundation/Console/RouteListCommand.php(86): Illuminate\\Foundation\\Console\\RouteListCommand->getRouteInformation()
#18 [internal function]: Illuminate\\Foundation\\Console\\RouteListCommand->Illuminate\\Foundation\\Console\\{closure}()
#19 /home/user/webapp/lpd_seminyak/vendor/laravel/framework/src/Illuminate/Support/Collection.php(861): array_map()
#20 /home/user/webapp/lpd_seminyak/vendor/laravel/framework/src/Illuminate/Foundation/Console/RouteListCommand.php(87): Illuminate\\Support\\Collection->map()
#21 /home/user/webapp/lpd_seminyak/vendor/laravel/framework/src/Illuminate/Foundation/Console/RouteListCommand.php(75): Illuminate\\Foundation\\Console\\RouteListCommand->getRoutes()
#22 [internal function]: Illuminate\\Foundation\\Console\\RouteListCommand->handle()
#23 /home/user/webapp/lpd_seminyak/vendor/laravel/framework/src/Illuminate/Container/BoundMethod.php(29): call_user_func_array()
#24 /home/user/webapp/lpd_seminyak/vendor/laravel/framework/src/Illuminate/Container/BoundMethod.php(87): Illuminate\\Container\\BoundMethod::Illuminate\\Container\\{closure}()
#25 /home/user/webapp/lpd_seminyak/vendor/laravel/framework/src/Illuminate/Container/BoundMethod.php(31): Illuminate\\Container\\BoundMethod::callBoundMethod()
#26 /home/user/webapp/lpd_seminyak/vendor/laravel/framework/src/Illuminate/Container/Container.php(549): Illuminate\\Container\\BoundMethod::call()
#27 /home/user/webapp/lpd_seminyak/vendor/laravel/framework/src/Illuminate/Console/Command.php(183): Illuminate\\Container\\Container->call()
#28 /home/user/webapp/lpd_seminyak/vendor/symfony/console/Command/Command.php(255): Illuminate\\Console\\Command->execute()
#29 /home/user/webapp/lpd_seminyak/vendor/laravel/framework/src/Illuminate/Console/Command.php(170): Symfony\\Component\\Console\\Command\\Command->run()
#30 /home/user/webapp/lpd_seminyak/vendor/symfony/console/Application.php(992): Illuminate\\Console\\Command->run()
#31 /home/user/webapp/lpd_seminyak/vendor/symfony/console/Application.php(255): Symfony\\Component\\Console\\Application->doRunCommand()
#32 /home/user/webapp/lpd_seminyak/vendor/symfony/console/Application.php(148): Symfony\\Component\\Console\\Application->doRun()
#33 /home/user/webapp/lpd_seminyak/vendor/laravel/framework/src/Illuminate/Console/Application.php(88): Symfony\\Component\\Console\\Application->run()
#34 /home/user/webapp/lpd_seminyak/vendor/laravel/framework/src/Illuminate/Foundation/Console/Kernel.php(121): Illuminate\\Console\\Application->run()
#35 /home/user/webapp/lpd_seminyak/artisan(37): Illuminate\\Foundation\\Console\\Kernel->handle()
#36 {main}
"} 
[2026-04-22 02:25:00] local.ERROR: could not find driver {"exception":"[object] (PDOException(code: 0): could not find driver at /home/user/webapp/lpd_seminyak/vendor/laravel/framework/src/Illuminate/Database/Connectors/Connector.php:67)
[stacktrace]
#0 /home/user/webapp/lpd_seminyak/vendor/laravel/framework/src/Illuminate/Database/Connectors/Connector.php(67): PDO->__construct()
#1 /home/user/webapp/lpd_seminyak/vendor/laravel/framework/src/Illuminate/Database/Connectors/Connector.php(43): Illuminate\\Database\\Connectors\\Connector->createPdoConnection()
#2 /home/user/webapp/lpd_seminyak/vendor/laravel/framework/src/Illuminate/Database/Connectors/SqlServerConnector.php(32): Illuminate\\Database\\Connectors\\Connector->createConnection()
#3 /home/user/webapp/lpd_seminyak/vendor/laravel/framework/src/Illuminate/Database/Connectors/ConnectionFactory.php(183): Illuminate\\Database\\Connectors\\SqlServerConnector->connect()
#4 [internal function]: Illuminate\\Database\\Connectors\\ConnectionFactory->Illuminate\\Database\\Connectors\\{closure}()
#5 /home/user/webapp/lpd_seminyak/vendor/laravel/framework/src/Illuminate/Database/Connection.php(915): call_user_func()
#6 /home/user/webapp/lpd_seminyak/app/Http/Controllers/SNAPTransferIn.php(16): Illuminate\\Database\\Connection->getPdo()
#7 [internal function]: App\\Http\\Controllers\\SNAPTransferIn->__construct()
#8 /home/user/webapp/lpd_seminyak/vendor/laravel/framework/src/Illuminate/Container/Container.php(785): ReflectionClass->newInstanceArgs()
#9 /home/user/webapp/lpd_seminyak/vendor/laravel/framework/src/Illuminate/Container/Container.php(631): Illuminate\\Container\\Container->build()
#10 /home/user/webapp/lpd_seminyak/vendor/laravel/framework/src/Illuminate/Container/Container.php(586): Illuminate\\Container\\Container->resolve()
#11 /home/user/webapp/lpd_seminyak/vendor/laravel/framework/src/Illuminate/Foundation/Application.php(732): Illuminate\\Container\\Container->make()
#12 /home/user/webapp/lpd_seminyak/vendor/laravel/framework/src/Illuminate/Routing/Route.php(226): Illuminate\\Foundation\\Application->make()
#13 /home/user/webapp/lpd_seminyak/vendor/laravel/framework/src/Illuminate/Routing/Route.php(796): Illuminate\\Routing\\Route->getController()
#14 /home/user/webapp/lpd_seminyak/vendor/laravel/framework/src/Illuminate/Routing/Route.php(757): Illuminate\\Routing\\Route->controllerMiddleware()
#15 /home/user/webapp/lpd_seminyak/vendor/laravel/framework/src/Illuminate/Foundation/Console/RouteListCommand.php(151): Illuminate\\Routing\\Route->gatherMiddleware()
#16 /home/user/webapp/lpd_seminyak/vendor/laravel/framework/src/Illuminate/Foundation/Console/RouteListCommand.php(114): Illuminate\\Foundation\\Console\\RouteListCommand->getMiddleware()
#17 /home/user/webapp/lpd_seminyak/vendor/laravel/framework/src/Illuminate/Foundation/Console/RouteListCommand.php(86): Illuminate\\Foundation\\Console\\RouteListCommand->getRouteInformation()
#18 [internal function]: Illuminate\\Foundation\\Console\\RouteListCommand->Illuminate\\Foundation\\Console\\{closure}()
#19 /home/user/webapp/lpd_seminyak/vendor/laravel/framework/src/Illuminate/Support/Collection.php(861): array_map()
#20 /home/user/webapp/lpd_seminyak/vendor/laravel/framework/src/Illuminate/Foundation/Console/RouteListCommand.php(87): Illuminate\\Support\\Collection->map()
#21 /home/user/webapp/lpd_seminyak/vendor/laravel/framework/src/Illuminate/Foundation/Console/RouteListCommand.php(75): Illuminate\\Foundation\\Console\\RouteListCommand->getRoutes()
#22 [internal function]: Illuminate\\Foundation\\Console\\RouteListCommand->handle()
#23 /home/user/webapp/lpd_seminyak/vendor/laravel/framework/src/Illuminate/Container/BoundMethod.php(29): call_user_func_array()
#24 /home/user/webapp/lpd_seminyak/vendor/laravel/framework/src/Illuminate/Container/BoundMethod.php(87): Illuminate\\Container\\BoundMethod::Illuminate\\Container\\{closure}()
#25 /home/user/webapp/lpd_seminyak/vendor/laravel/framework/src/Illuminate/Container/BoundMethod.php(31): Illuminate\\Container\\BoundMethod::callBoundMethod()
#26 /home/user/webapp/lpd_seminyak/vendor/laravel/framework/src/Illuminate/Container/Container.php(549): Illuminate\\Container\\BoundMethod::call()
#27 /home/user/webapp/lpd_seminyak/vendor/laravel/framework/src/Illuminate/Console/Command.php(183): Illuminate\\Container\\Container->call()
#28 /home/user/webapp/lpd_seminyak/vendor/symfony/console/Command/Command.php(255): Illuminate\\Console\\Command->execute()
#29 /home/user/webapp/lpd_seminyak/vendor/laravel/framework/src/Illuminate/Console/Command.php(170): Symfony\\Component\\Console\\Command\\Command->run()
#30 /home/user/webapp/lpd_seminyak/vendor/symfony/console/Application.php(992): Illuminate\\Console\\Command->run()
#31 /home/user/webapp/lpd_seminyak/vendor/symfony/console/Application.php(255): Symfony\\Component\\Console\\Application->doRunCommand()
#32 /home/user/webapp/lpd_seminyak/vendor/symfony/console/Application.php(148): Symfony\\Component\\Console\\Application->doRun()
#33 /home/user/webapp/lpd_seminyak/vendor/laravel/framework/src/Illuminate/Console/Application.php(88): Symfony\\Component\\Console\\Application->run()
#34 /home/user/webapp/lpd_seminyak/vendor/laravel/framework/src/Illuminate/Foundation/Console/Kernel.php(121): Illuminate\\Console\\Application->run()
#35 /home/user/webapp/lpd_seminyak/artisan(37): Illuminate\\Foundation\\Console\\Kernel->handle()
#36 {main}
"} 
[2026-04-22 02:25:00] local.ERROR: could not find driver {"exception":"[object] (PDOException(code: 0): could not find driver at /home/user/webapp/lpd_seminyak/vendor/laravel/framework/src/Illuminate/Database/Connectors/Connector.php:67)
[stacktrace]
#0 /home/user/webapp/lpd_seminyak/vendor/laravel/framework/src/Illuminate/Database/Connectors/Connector.php(67): PDO->__construct()
#1 /home/user/webapp/lpd_seminyak/vendor/laravel/framework/src/Illuminate/Database/Connectors/Connector.php(43): Illuminate\\Database\\Connectors\\Connector->createPdoConnection()
#2 /home/user/webapp/lpd_seminyak/vendor/laravel/framework/src/Illuminate/Database/Connectors/SqlServerConnector.php(32): Illuminate\\Database\\Connectors\\Connector->createConnection()
#3 /home/user/webapp/lpd_seminyak/vendor/laravel/framework/src/Illuminate/Database/Connectors/ConnectionFactory.php(183): Illuminate\\Database\\Connectors\\SqlServerConnector->connect()
#4 [internal function]: Illuminate\\Database\\Connectors\\ConnectionFactory->Illuminate\\Database\\Connectors\\{closure}()
#5 /home/user/webapp/lpd_seminyak/vendor/laravel/framework/src/Illuminate/Database/Connection.php(915): call_user_func()
#6 /home/user/webapp/lpd_seminyak/app/Http/Controllers/SNAPTransferIn.php(16): Illuminate\\Database\\Connection->getPdo()
#7 [internal function]: App\\Http\\Controllers\\SNAPTransferIn->__construct()
#8 /home/user/webapp/lpd_seminyak/vendor/laravel/framework/src/Illuminate/Container/Container.php(785): ReflectionClass->newInstanceArgs()
#9 /home/user/webapp/lpd_seminyak/vendor/laravel/framework/src/Illuminate/Container/Container.php(631): Illuminate\\Container\\Container->build()
#10 /home/user/webapp/lpd_seminyak/vendor/laravel/framework/src/Illuminate/Container/Container.php(586): Illuminate\\Container\\Container->resolve()
#11 /home/user/webapp/lpd_seminyak/vendor/laravel/framework/src/Illuminate/Foundation/Application.php(732): Illuminate\\Container\\Container->make()
#12 /home/user/webapp/lpd_seminyak/vendor/laravel/framework/src/Illuminate/Routing/Route.php(226): Illuminate\\Foundation\\Application->make()
#13 /home/user/webapp/lpd_seminyak/vendor/laravel/framework/src/Illuminate/Routing/Route.php(796): Illuminate\\Routing\\Route->getController()
#14 /home/user/webapp/lpd_seminyak/vendor/laravel/framework/src/Illuminate/Routing/Route.php(757): Illuminate\\Routing\\Route->controllerMiddleware()
#15 /home/user/webapp/lpd_seminyak/vendor/laravel/framework/src/Illuminate/Foundation/Console/RouteListCommand.php(151): Illuminate\\Routing\\Route->gatherMiddleware()
#16 /home/user/webapp/lpd_seminyak/vendor/laravel/framework/src/Illuminate/Foundation/Console/RouteListCommand.php(114): Illuminate\\Foundation\\Console\\RouteListCommand->getMiddleware()
#17 /home/user/webapp/lpd_seminyak/vendor/laravel/framework/src/Illuminate/Foundation/Console/RouteListCommand.php(86): Illuminate\\Foundation\\Console\\RouteListCommand->getRouteInformation()
#18 [internal function]: Illuminate\\Foundation\\Console\\RouteListCommand->Illuminate\\Foundation\\Console\\{closure}()
#19 /home/user/webapp/lpd_seminyak/vendor/laravel/framework/src/Illuminate/Support/Collection.php(861): array_map()
#20 /home/user/webapp/lpd_seminyak/vendor/laravel/framework/src/Illuminate/Foundation/Console/RouteListCommand.php(87): Illuminate\\Support\\Collection->map()
#21 /home/user/webapp/lpd_seminyak/vendor/laravel/framework/src/Illuminate/Foundation/Console/RouteListCommand.php(75): Illuminate\\Foundation\\Console\\RouteListCommand->getRoutes()
#22 [internal function]: Illuminate\\Foundation\\Console\\RouteListCommand->handle()
#23 /home/user/webapp/lpd_seminyak/vendor/laravel/framework/src/Illuminate/Container/BoundMethod.php(29): call_user_func_array()
#24 /home/user/webapp/lpd_seminyak/vendor/laravel/framework/src/Illuminate/Container/BoundMethod.php(87): Illuminate\\Container\\BoundMethod::Illuminate\\Container\\{closure}()
#25 /home/user/webapp/lpd_seminyak/vendor/laravel/framework/src/Illuminate/Container/BoundMethod.php(31): Illuminate\\Container\\BoundMethod::callBoundMethod()
#26 /home/user/webapp/lpd_seminyak/vendor/laravel/framework/src/Illuminate/Container/Container.php(549): Illuminate\\Container\\BoundMethod::call()
#27 /home/user/webapp/lpd_seminyak/vendor/laravel/framework/src/Illuminate/Console/Command.php(183): Illuminate\\Container\\Container->call()
#28 /home/user/webapp/lpd_seminyak/vendor/symfony/console/Command/Command.php(255): Illuminate\\Console\\Command->execute()
#29 /home/user/webapp/lpd_seminyak/vendor/laravel/framework/src/Illuminate/Console/Command.php(170): Symfony\\Component\\Console\\Command\\Command->run()
#30 /home/user/webapp/lpd_seminyak/vendor/symfony/console/Application.php(992): Illuminate\\Console\\Command->run()
#31 /home/user/webapp/lpd_seminyak/vendor/symfony/console/Application.php(255): Symfony\\Component\\Console\\Application->doRunCommand()
#32 /home/user/webapp/lpd_seminyak/vendor/symfony/console/Application.php(148): Symfony\\Component\\Console\\Application->doRun()
#33 /home/user/webapp/lpd_seminyak/vendor/laravel/framework/src/Illuminate/Console/Application.php(88): Symfony\\Component\\Console\\Application->run()
#34 /home/user/webapp/lpd_seminyak/vendor/laravel/framework/src/Illuminate/Foundation/Console/Kernel.php(121): Illuminate\\Console\\Application->run()
#35 /home/user/webapp/lpd_seminyak/artisan(37): Illuminate\\Foundation\\Console\\Kernel->handle()
#36 {main}
"} 
[2026-04-22 02:32:16] local.ERROR: could not find driver {"exception":"[object] (PDOException(code: 0): could not find driver at /home/user/webapp/lpd_seminyak/vendor/laravel/framework/src/Illuminate/Database/Connectors/Connector.php:67)
[stacktrace]
#0 /home/user/webapp/lpd_seminyak/vendor/laravel/framework/src/Illuminate/Database/Connectors/Connector.php(67): PDO->__construct()
#1 /home/user/webapp/lpd_seminyak/vendor/laravel/framework/src/Illuminate/Database/Connectors/Connector.php(43): Illuminate\\Database\\Connectors\\Connector->createPdoConnection()
#2 /home/user/webapp/lpd_seminyak/vendor/laravel/framework/src/Illuminate/Database/Connectors/SqlServerConnector.php(32): Illuminate\\Database\\Connectors\\Connector->createConnection()
#3 /home/user/webapp/lpd_seminyak/vendor/laravel/framework/src/Illuminate/Database/Connectors/ConnectionFactory.php(183): Illuminate\\Database\\Connectors\\SqlServerConnector->connect()
#4 [internal function]: Illuminate\\Database\\Connectors\\ConnectionFactory->Illuminate\\Database\\Connectors\\{closure}()
#5 /home/user/webapp/lpd_seminyak/vendor/laravel/framework/src/Illuminate/Database/Connection.php(915): call_user_func()
#6 /home/user/webapp/lpd_seminyak/app/Http/Controllers/SNAPTransferIn.php(16): Illuminate\\Database\\Connection->getPdo()
#7 [internal function]: App\\Http\\Controllers\\SNAPTransferIn->__construct()
#8 /home/user/webapp/lpd_seminyak/vendor/laravel/framework/src/Illuminate/Container/Container.php(785): ReflectionClass->newInstanceArgs()
#9 /home/user/webapp/lpd_seminyak/vendor/laravel/framework/src/Illuminate/Container/Container.php(631): Illuminate\\Container\\Container->build()
#10 /home/user/webapp/lpd_seminyak/vendor/laravel/framework/src/Illuminate/Container/Container.php(586): Illuminate\\Container\\Container->resolve()
#11 /home/user/webapp/lpd_seminyak/vendor/laravel/framework/src/Illuminate/Foundation/Application.php(732): Illuminate\\Container\\Container->make()
#12 /home/user/webapp/lpd_seminyak/vendor/laravel/framework/src/Illuminate/Routing/Route.php(226): Illuminate\\Foundation\\Application->make()
#13 /home/user/webapp/lpd_seminyak/vendor/laravel/framework/src/Illuminate/Routing/Route.php(796): Illuminate\\Routing\\Route->getController()
#14 /home/user/webapp/lpd_seminyak/vendor/laravel/framework/src/Illuminate/Routing/Route.php(757): Illuminate\\Routing\\Route->controllerMiddleware()
#15 /home/user/webapp/lpd_seminyak/vendor/laravel/framework/src/Illuminate/Foundation/Console/RouteListCommand.php(151): Illuminate\\Routing\\Route->gatherMiddleware()
#16 /home/user/webapp/lpd_seminyak/vendor/laravel/framework/src/Illuminate/Foundation/Console/RouteListCommand.php(114): Illuminate\\Foundation\\Console\\RouteListCommand->getMiddleware()
#17 /home/user/webapp/lpd_seminyak/vendor/laravel/framework/src/Illuminate/Foundation/Console/RouteListCommand.php(86): Illuminate\\Foundation\\Console\\RouteListCommand->getRouteInformation()
#18 [internal function]: Illuminate\\Foundation\\Console\\RouteListCommand->Illuminate\\Foundation\\Console\\{closure}()
#19 /home/user/webapp/lpd_seminyak/vendor/laravel/framework/src/Illuminate/Support/Collection.php(861): array_map()
#20 /home/user/webapp/lpd_seminyak/vendor/laravel/framework/src/Illuminate/Foundation/Console/RouteListCommand.php(87): Illuminate\\Support\\Collection->map()
#21 /home/user/webapp/lpd_seminyak/vendor/laravel/framework/src/Illuminate/Foundation/Console/RouteListCommand.php(75): Illuminate\\Foundation\\Console\\RouteListCommand->getRoutes()
#22 [internal function]: Illuminate\\Foundation\\Console\\RouteListCommand->handle()
#23 /home/user/webapp/lpd_seminyak/vendor/laravel/framework/src/Illuminate/Container/BoundMethod.php(29): call_user_func_array()
#24 /home/user/webapp/lpd_seminyak/vendor/laravel/framework/src/Illuminate/Container/BoundMethod.php(87): Illuminate\\Container\\BoundMethod::Illuminate\\Container\\{closure}()
#25 /home/user/webapp/lpd_seminyak/vendor/laravel/framework/src/Illuminate/Container/BoundMethod.php(31): Illuminate\\Container\\BoundMethod::callBoundMethod()
#26 /home/user/webapp/lpd_seminyak/vendor/laravel/framework/src/Illuminate/Container/Container.php(549): Illuminate\\Container\\BoundMethod::call()
#27 /home/user/webapp/lpd_seminyak/vendor/laravel/framework/src/Illuminate/Console/Command.php(183): Illuminate\\Container\\Container->call()
#28 /home/user/webapp/lpd_seminyak/vendor/symfony/console/Command/Command.php(255): Illuminate\\Console\\Command->execute()
#29 /home/user/webapp/lpd_seminyak/vendor/laravel/framework/src/Illuminate/Console/Command.php(170): Symfony\\Component\\Console\\Command\\Command->run()
#30 /home/user/webapp/lpd_seminyak/vendor/symfony/console/Application.php(992): Illuminate\\Console\\Command->run()
#31 /home/user/webapp/lpd_seminyak/vendor/symfony/console/Application.php(255): Symfony\\Component\\Console\\Application->doRunCommand()
#32 /home/user/webapp/lpd_seminyak/vendor/symfony/console/Application.php(148): Symfony\\Component\\Console\\Application->doRun()
#33 /home/user/webapp/lpd_seminyak/vendor/laravel/framework/src/Illuminate/Console/Application.php(88): Symfony\\Component\\Console\\Application->run()
#34 /home/user/webapp/lpd_seminyak/vendor/laravel/framework/src/Illuminate/Foundation/Console/Kernel.php(121): Illuminate\\Console\\Application->run()
#35 /home/user/webapp/lpd_seminyak/artisan(37): Illuminate\\Foundation\\Console\\Kernel->handle()
#36 {main}
"} 
[2026-04-22 02:32:16] local.ERROR: could not find driver {"exception":"[object] (PDOException(code: 0): could not find driver at /home/user/webapp/lpd_seminyak/vendor/laravel/framework/src/Illuminate/Database/Connectors/Connector.php:67)
[stacktrace]
#0 /home/user/webapp/lpd_seminyak/vendor/laravel/framework/src/Illuminate/Database/Connectors/Connector.php(67): PDO->__construct()
#1 /home/user/webapp/lpd_seminyak/vendor/laravel/framework/src/Illuminate/Database/Connectors/Connector.php(43): Illuminate\\Database\\Connectors\\Connector->createPdoConnection()
#2 /home/user/webapp/lpd_seminyak/vendor/laravel/framework/src/Illuminate/Database/Connectors/SqlServerConnector.php(32): Illuminate\\Database\\Connectors\\Connector->createConnection()
#3 /home/user/webapp/lpd_seminyak/vendor/laravel/framework/src/Illuminate/Database/Connectors/ConnectionFactory.php(183): Illuminate\\Database\\Connectors\\SqlServerConnector->connect()
#4 [internal function]: Illuminate\\Database\\Connectors\\ConnectionFactory->Illuminate\\Database\\Connectors\\{closure}()
#5 /home/user/webapp/lpd_seminyak/vendor/laravel/framework/src/Illuminate/Database/Connection.php(915): call_user_func()
#6 /home/user/webapp/lpd_seminyak/app/Http/Controllers/SNAPTransferIn.php(16): Illuminate\\Database\\Connection->getPdo()
#7 [internal function]: App\\Http\\Controllers\\SNAPTransferIn->__construct()
#8 /home/user/webapp/lpd_seminyak/vendor/laravel/framework/src/Illuminate/Container/Container.php(785): ReflectionClass->newInstanceArgs()
#9 /home/user/webapp/lpd_seminyak/vendor/laravel/framework/src/Illuminate/Container/Container.php(631): Illuminate\\Container\\Container->build()
#10 /home/user/webapp/lpd_seminyak/vendor/laravel/framework/src/Illuminate/Container/Container.php(586): Illuminate\\Container\\Container->resolve()
#11 /home/user/webapp/lpd_seminyak/vendor/laravel/framework/src/Illuminate/Foundation/Application.php(732): Illuminate\\Container\\Container->make()
#12 /home/user/webapp/lpd_seminyak/vendor/laravel/framework/src/Illuminate/Routing/Route.php(226): Illuminate\\Foundation\\Application->make()
#13 /home/user/webapp/lpd_seminyak/vendor/laravel/framework/src/Illuminate/Routing/Route.php(796): Illuminate\\Routing\\Route->getController()
#14 /home/user/webapp/lpd_seminyak/vendor/laravel/framework/src/Illuminate/Routing/Route.php(757): Illuminate\\Routing\\Route->controllerMiddleware()
#15 /home/user/webapp/lpd_seminyak/vendor/laravel/framework/src/Illuminate/Foundation/Console/RouteListCommand.php(151): Illuminate\\Routing\\Route->gatherMiddleware()
#16 /home/user/webapp/lpd_seminyak/vendor/laravel/framework/src/Illuminate/Foundation/Console/RouteListCommand.php(114): Illuminate\\Foundation\\Console\\RouteListCommand->getMiddleware()
#17 /home/user/webapp/lpd_seminyak/vendor/laravel/framework/src/Illuminate/Foundation/Console/RouteListCommand.php(86): Illuminate\\Foundation\\Console\\RouteListCommand->getRouteInformation()
#18 [internal function]: Illuminate\\Foundation\\Console\\RouteListCommand->Illuminate\\Foundation\\Console\\{closure}()
#19 /home/user/webapp/lpd_seminyak/vendor/laravel/framework/src/Illuminate/Support/Collection.php(861): array_map()
#20 /home/user/webapp/lpd_seminyak/vendor/laravel/framework/src/Illuminate/Foundation/Console/RouteListCommand.php(87): Illuminate\\Support\\Collection->map()
#21 /home/user/webapp/lpd_seminyak/vendor/laravel/framework/src/Illuminate/Foundation/Console/RouteListCommand.php(75): Illuminate\\Foundation\\Console\\RouteListCommand->getRoutes()
#22 [internal function]: Illuminate\\Foundation\\Console\\RouteListCommand->handle()
#23 /home/user/webapp/lpd_seminyak/vendor/laravel/framework/src/Illuminate/Container/BoundMethod.php(29): call_user_func_array()
#24 /home/user/webapp/lpd_seminyak/vendor/laravel/framework/src/Illuminate/Container/BoundMethod.php(87): Illuminate\\Container\\BoundMethod::Illuminate\\Container\\{closure}()
#25 /home/user/webapp/lpd_seminyak/vendor/laravel/framework/src/Illuminate/Container/BoundMethod.php(31): Illuminate\\Container\\BoundMethod::callBoundMethod()
#26 /home/user/webapp/lpd_seminyak/vendor/laravel/framework/src/Illuminate/Container/Container.php(549): Illuminate\\Container\\BoundMethod::call()
#27 /home/user/webapp/lpd_seminyak/vendor/laravel/framework/src/Illuminate/Console/Command.php(183): Illuminate\\Container\\Container->call()
#28 /home/user/webapp/lpd_seminyak/vendor/symfony/console/Command/Command.php(255): Illuminate\\Console\\Command->execute()
#29 /home/user/webapp/lpd_seminyak/vendor/laravel/framework/src/Illuminate/Console/Command.php(170): Symfony\\Component\\Console\\Command\\Command->run()
#30 /home/user/webapp/lpd_seminyak/vendor/symfony/console/Application.php(992): Illuminate\\Console\\Command->run()
#31 /home/user/webapp/lpd_seminyak/vendor/symfony/console/Application.php(255): Symfony\\Component\\Console\\Application->doRunCommand()
#32 /home/user/webapp/lpd_seminyak/vendor/symfony/console/Application.php(148): Symfony\\Component\\Console\\Application->doRun()
#33 /home/user/webapp/lpd_seminyak/vendor/laravel/framework/src/Illuminate/Console/Application.php(88): Symfony\\Component\\Console\\Application->run()
#34 /home/user/webapp/lpd_seminyak/vendor/laravel/framework/src/Illuminate/Foundation/Console/Kernel.php(121): Illuminate\\Console\\Application->run()
#35 /home/user/webapp/lpd_seminyak/artisan(37): Illuminate\\Foundation\\Console\\Kernel->handle()
#36 {main}
"} 
