[2025-08-17 15:29:17] local.INFO: 
RESPONSE :
{"responseCode":"2007300","responseMessage":"Success","accessToken":null,"tokenType":"Bearer","expiresIn":"180"}

  
[2025-08-17 17:03:34] local.INFO: 
RESPONSE :
{"responseCode":"2007300","responseMessage":"Success","accessToken":null,"tokenType":"Bearer","expiresIn":"180"}

  
[2025-08-17 17:04:14] local.INFO: 
RESPONSE :
{"responseCode":"2007300","responseMessage":"Success","accessToken":null,"tokenType":"Bearer","expiresIn":"180"}

  
[2025-08-17 17:04:19] local.INFO: 
RESPONSE :
{"responseCode":"2007300","responseMessage":"Success","accessToken":null,"tokenType":"Bearer","expiresIn":"180"}

  
[2025-08-17 17:04:33] local.INFO: 
RESPONSE :
{"responseCode":"2007300","responseMessage":"Success","accessToken":null,"tokenType":"Bearer","expiresIn":"180"}

  
[2025-08-17 17:06:47] local.INFO: 
RESPONSE :
{"responseCode":"2007300","responseMessage":"Success","accessToken":null,"tokenType":"Bearer","expiresIn":"180"}

  
[2025-08-17 17:08:14] local.INFO: 
RESPONSE :
{"responseCode":"2007300","responseMessage":"Success","accessToken":null,"tokenType":"Bearer","expiresIn":"180"}

  
[2025-08-17 17:08:35] local.INFO: 
RESPONSE :
{"responseCode":"2007300","responseMessage":"Success","accessToken":null,"tokenType":"Bearer","expiresIn":"180"}

  
[2025-08-17 17:10:39] local.INFO: 
RESPONSE :
{"responseCode":"4017301","responseMessage":"Invalid access Token"}

  
[2025-08-17 17:15:04] local.INFO: 
RESPONSE :
{"responseCode":"4017301","responseMessage":"Invalid access Token"}

  
[2025-08-17 17:15:18] local.INFO: 
RESPONSE :
{"responseCode":"4017301","responseMessage":"Invalid access Token"}

  
[2025-08-17 17:16:15] local.INFO: 
RESPONSE :
{"responseCode":"4017301","responseMessage":"Invalid access Token"}

  
[2025-08-17 17:19:57] local.INFO: 
RESPONSE :
{"responseCode":"2007300","responseMessage":"Success","accessToken":null,"tokenType":"Bearer","expiresIn":"180"}

  
[2025-08-17 17:25:57] local.INFO: 
RESPONSE :
{"responseCode":"2007300","responseMessage":"Success","accessToken":"eyJ0cmFuc19ubyI6IjE3OTk0LTI2ODc0LTA0MTU1LTU2MjMzIiwiYWxnIjoiUlMyNTYifQ.eyJ0cmFuc190aW1lIjoiMjAyNS0wOC0xN1QxNzoyNjowNCswODowMCJ9.W_cLijgjvf6lZkI0ik2ginfdJOQXX-1Qp4hYF2WJvta2IX2oVH7B1-ny3D5tktFBkH1Y5KvYLSRlPn9_npPkvSOLx-0kHQSHuLWPxUgHqfsJ1FxSDKWAZhVrgBZh4VH-CNZBhUDl72ZQ590Kf8KHjEhOfDeKCcb60TnGU-xESeTlOJxO4vCL5GIG7zJ_fP_sCH_Fx_pqZqaX3lfUNt1q3Yag1KNpNCcstIfOrzkiKp_bZ3-NUpG0nR8c-jj80g7EJriAmg1WNhQsFRfWu5V0Uz20ayEJS8UXvsFzzt7rafaUH-nY_UUlxnz0D12BnXD6XsvDzkvkmuNyDVIf-Ny8Dg","tokenType":"Bearer","expiresIn":"180"}

  
[2025-08-17 18:51:51] local.INFO: 
RESPONSE :
{"responseCode":"2007300","responseMessage":"Success","accessToken":"eyJ0cmFuc19ubyI6IjE4OTg0LTUxMDI3LTU4MTcwLTc4ODIwIiwiYWxnIjoiUlMyNTYifQ.eyJ0cmFuc190aW1lIjoiMjAyNS0wOC0xN1QxODo1MTo1OCswODowMCJ9.KIQRZwLC9xQMD9YU3j2xTlOy4pOYvrN-yTD3H9ND-RXLlX9KWJvzwHHFxoX9n_Zk1YuIxw9GUSlN8zNxQfAklmuqAJ-sFfaYtvJX84HT6S-LrXGypmmTs2nxYVa-pxgCh4qFBEkavlThFiVkSCV-Ov-OSm_tokgsGboMWmo5gzJGbXZGQFvdVgmDQdqFAgzh814G_KWfHD9kEiNpPSFzVJ-Ro6z06pfnOQ5aObPBM7y_p3p9G3rSaZCQr3XpcyGUfm6qLe-xZkvkHFzZ_0c0ZsAU-1n2upTMO6wW5XJV82JHaFWyp2yrH9Ue5O7U-Hxr1xznyTrA1tA-_Ov63lH3ww","tokenType":"Bearer","expiresIn":"180"}

  
[2025-08-17 19:07:39] local.INFO: 
RESPONSE :
{"responseCode":"2007300","responseMessage":"Success","accessToken":"eyJ0cmFuc19ubyI6IjE5MTQ0LTA3MjA5LTQ2MTg0LTMyNDgwIiwiYWxnIjoiUlMyNTYifQ.eyJ0cmFuc190aW1lIjoiMjAyNS0wOC0xN1QxOTowNzo0NiswODowMCJ9.fB4yKi-DJFkLWWdFqdjnd8wO8fs086ZIH2lZUpIgGj6tCjri78DRFvx-VRq4ghkC3KqlISHEWMoAEHr13IFlsn5WJwc3Tq9OWCo9_bVFE54hKyAyK7765HkTxf2dYmkDXTvvghmdZ8_bZMhu3W1WTK6Id8SsLThrVbAHdv23qD7d0JZO36nA9ar7TtFFHUUervaUXlO8oyI6qBr7GelEQRxp4bLpf8PtSubtES2Q2hr3PvF6bzjmqHd41bKzNbdjrNh-Y2SLHpadBF0dyndgesPgVeLJpJ9xVKmlVHz8gxxvksqEVKH2_HrMP4Ry1ylDT03PLHP8OAf6fWLcMfqPXA","tokenType":"Bearer","expiresIn":"180"}

  
[2025-08-17 19:08:10] local.INFO: 
RESPONSE :
{"responseCode":"2007300","responseMessage":"Success","accessToken":"eyJ0cmFuc19ubyI6IjE5MTUyLTA4MjkyLTE3NzkzLTg1NTUzIiwiYWxnIjoiUlMyNTYifQ.eyJ0cmFuc190aW1lIjoiMjAyNS0wOC0xN1QxOTowODoxNyswODowMCJ9.WpJN1hc_fmqxeF3DynDUZbTvcmuRRseOdolXo9NygV0Ad7vqGvaq-NAcbWac5zt5Qqs5TxWZFHQ9MYry2UWLMQBx7JjlKCGxlGS_xwxmOjLZUJFOSfTuFnOUp3CE-WktN3foZTjbSfpITcjtMszAF4Fbwhki6N9ncNvJxfNHdz8jkMtOxe-xExVT-aFziMSEQqJ9fhIV-W_0PX_k9NrsowEmGLC-bOSH759VRyzjM_oTgcgPxH0v5KMVmLBzl7rKsJ-BV_OCUXPimg9dMlxn1-VxtJqwOXZsqgVYgbEoRKngzirOgWgju46UBoDuUhevqKjSl7BAD07nr3MZWUXhrw","tokenType":"Bearer","expiresIn":"180"}

  
[2025-08-17 19:08:20] local.INFO: 
RESPONSE :
{"responseCode":"2007300","responseMessage":"Success","accessToken":"eyJ0cmFuc19ubyI6IjE5MTcyLTA4MjE5LTI3NzE1LTQ2ODQ2IiwiYWxnIjoiUlMyNTYifQ.eyJ0cmFuc190aW1lIjoiMjAyNS0wOC0xN1QxOTowODoyNyswODowMCJ9.pWq9EY2yD-__kdNoVYduptD6-RWxlfXNnwoZUQFqPNUxyghFO_fj3VT1E7Kd5CQSYwae-19VMQPCBtxVgScsre8pGc_JTFUOdABWnnhqj0KpuNs5cCtahNC6ZhXcF9x_wGQ8secBCq_TpwlRKHxUsri1MWVobAxu4MGcFJg0TaU2kv7kTSj4w4dGdKVmMNMZlIlG-oNWTaFmHm-ZBEqCsJmqwZhspX4YX3fHIkZP_my0A34vFU8dBbVuyYuXyyXD2rVbzimFMxymDLP52ze74XFZpsNgUm9lMnH0J21uYWUVZ14-rNxuXFAHZ27lab6n7Wq3OmL2r9Voh_GyG5UyMg","tokenType":"Bearer","expiresIn":"180"}

  
