[2025-08-17 15:29:17] local.INFO: 
RESPONSE :
{"responseCode":"4012400","responseMessage":"Invalid Partner signature"}

  
[2025-08-17 17:03:34] local.INFO: 
RESPONSE :
{"responseCode":"4012400","responseMessage":"Invalid Partner signature"}

  
[2025-08-17 17:04:14] local.INFO: 
RESPONSE :
{"responseCode":"4012400","responseMessage":"Invalid Partner signature"}

  
[2025-08-17 17:04:19] local.INFO: 
RESPONSE :
{"responseCode":"4012400","responseMessage":"Invalid Partner signature"}

  
[2025-08-17 17:04:34] local.INFO: 
RESPONSE :
{"responseCode":"4012400","responseMessage":"Invalid Partner signature"}

  
[2025-08-17 17:06:48] local.INFO: 
RESPONSE :
{"responseCode":"4012400","responseMessage":"Invalid Partner signature"}

  
[2025-08-17 17:08:15] local.INFO: 
RESPONSE :
{"responseCode":"4012400","responseMessage":"Invalid Partner signature"}

  
[2025-08-17 17:08:35] local.INFO: 
RESPONSE :
{"responseCode":"4012400","responseMessage":"Invalid Partner signature"}

  
[2025-08-17 17:10:40] local.INFO: 
RESPONSE :
{"responseCode":"4012400","responseMessage":"Invalid Partner signature"}

  
[2025-08-17 17:19:57] local.INFO: 
RESPONSE :
{"responseCode":"4012400","responseMessage":"Invalid Partner signature"}

  
[2025-08-17 17:24:21] local.INFO: 
RESPONSE :
{"responseCode":"4012400","responseMessage":"Invalid Partner signature"}

  
[2025-08-17 17:25:57] local.INFO: 
RESPONSE :
{"responseCode":"2002400","responseMessage":"Success","virtualAccountData":{"partnerServiceId":"  989191","customerNo":"7559","virtualAccountNo":"  9891911011037","inquiryRequestId":"000000348044","virtualAccountName":"MARTINUS BAHA"}}

  
[2025-08-17 18:51:52] local.INFO: 
RESPONSE :
{"responseCode":"2002400","responseMessage":"Success","virtualAccountData":{"partnerServiceId":"  989191","customerNo":"7559","virtualAccountNo":"  9891911001026","inquiryRequestId":"000000464025","virtualAccountName":"ARDI"}}

  
[2025-08-17 19:07:40] local.INFO: 
RESPONSE :
{"responseCode":"2002400","responseMessage":"Success","virtualAccountData":{"partnerServiceId":"  989191","customerNo":"7559","virtualAccountNo":"  9891911001652","inquiryRequestId":"485780","virtualAccountName":"ARI ARTINI NI NYM"}}

  
[2025-08-17 19:08:11] local.INFO: 
RESPONSE :
{"responseCode":"2002400","responseMessage":"Success","virtualAccountData":{"partnerServiceId":"  989191","customerNo":"7559","virtualAccountNo":"  9891911001652","inquiryRequestId":"486744","virtualAccountName":"ARI ARTINI NI NYM"}}

  
